TN:
SF:src/CachePromise.js
FN:1,(anonymous_0)
FN:6,CachePromise
FN:24,(anonymous_2)
FN:27,(anonymous_3)
FN:79,(anonymous_4)
FNF:5
FNH:5
FNDA:6,(anonymous_0)
FNDA:16,CachePromise
FNDA:19,(anonymous_2)
FNDA:18,(anonymous_3)
FNDA:1,(anonymous_4)
DA:1,6
DA:7,16
DA:13,16
DA:14,1
DA:17,15
DA:18,2
DA:21,13
DA:24,2
DA:31,19
DA:32,19
DA:34,1
DA:37,18
DA:38,18
DA:39,1
DA:42,17
DA:43,1
DA:46,16
DA:48,16
DA:50,16
DA:51,15
DA:53,15
DA:55,10
DA:60,10
DA:62,1
DA:65,11
DA:67,7
DA:68,1
DA:70,1
DA:73,6
DA:75,6
DA:79,2
DA:80,1
DA:83,2
LF:33
LH:33
BRDA:13,0,0,1
BRDA:13,0,1,15
BRDA:17,1,0,2
BRDA:17,1,1,13
BRDA:27,2,0,19
BRDA:38,3,0,1
BRDA:38,3,1,17
BRDA:42,4,0,1
BRDA:42,4,1,16
BRDA:50,5,0,15
BRDA:50,5,1,1
BRDA:50,6,0,16
BRDA:50,6,1,5
BRDA:67,7,0,1
BRDA:67,7,1,6
BRDA:67,8,0,7
BRDA:67,8,1,2
BRF:17
BRH:17
end_of_record
TN:
SF:src/StackData.js
FN:13,(anonymous_0)
FN:27,getStackTrace
FN:35,now
FN:41,(anonymous_3)
FN:51,(anonymous_4)
FN:67,(anonymous_5)
FN:104,(anonymous_6)
FN:106,gc
FN:113,(anonymous_8)
FN:133,(anonymous_9)
FN:153,(anonymous_10)
FN:170,(anonymous_11)
FN:192,find
FN:195,(anonymous_13)
FN:221,(anonymous_14)
FN:251,(anonymous_15)
FN:299,(anonymous_16)
FN:302,(anonymous_17)
FNF:18
FNH:0
FNDA:0,(anonymous_0)
FNDA:0,getStackTrace
FNDA:0,now
FNDA:0,(anonymous_3)
FNDA:0,(anonymous_4)
FNDA:0,(anonymous_5)
FNDA:0,(anonymous_6)
FNDA:0,gc
FNDA:0,(anonymous_8)
FNDA:0,(anonymous_9)
FNDA:0,(anonymous_10)
FNDA:0,(anonymous_11)
FNDA:0,find
FNDA:0,(anonymous_13)
FNDA:0,(anonymous_14)
FNDA:0,(anonymous_15)
FNDA:0,(anonymous_16)
FNDA:0,(anonymous_17)
DA:13,1
DA:15,1
DA:17,1
DA:19,1
DA:21,1
DA:23,1
DA:25,1
DA:28,0
DA:29,0
DA:31,0
DA:36,0
DA:39,1
DA:41,1
DA:42,0
DA:43,0
DA:46,0
DA:48,0
DA:51,1
DA:52,0
DA:54,0
DA:57,1
DA:65,1
DA:67,1
DA:68,0
DA:69,0
DA:72,0
DA:82,0
DA:83,0
DA:85,0
DA:88,0
DA:89,0
DA:92,0
DA:93,0
DA:96,0
DA:97,0
DA:100,0
DA:101,0
DA:104,0
DA:105,0
DA:106,0
DA:107,0
DA:108,0
DA:111,0
DA:113,0
DA:116,0
DA:117,0
DA:124,0
DA:133,0
DA:134,0
DA:135,0
DA:136,0
DA:143,0
DA:145,0
DA:147,0
DA:151,0
DA:153,0
DA:154,0
DA:158,0
DA:163,0
DA:167,0
DA:170,0
DA:171,0
DA:172,0
DA:174,0
DA:175,0
DA:177,0
DA:180,0
DA:184,0
DA:185,0
DA:187,0
DA:190,0
DA:193,0
DA:196,0
DA:198,0
DA:199,0
DA:201,0
DA:202,0
DA:204,0
DA:205,0
DA:207,0
DA:208,0
DA:211,0
DA:216,0
DA:221,0
DA:224,0
DA:225,0
DA:227,0
DA:230,0
DA:231,0
DA:234,0
DA:239,0
DA:241,0
DA:244,0
DA:250,0
DA:252,0
DA:259,0
DA:260,0
DA:261,0
DA:262,0
DA:263,0
DA:267,0
DA:268,0
DA:271,0
DA:276,0
DA:278,0
DA:281,0
DA:284,0
DA:289,0
DA:291,0
DA:300,0
DA:303,0
DA:307,0
LF:112
LH:13
BRDA:42,0,0,0
BRDA:42,0,1,0
BRDA:82,1,0,0
BRDA:82,1,1,0
BRDA:88,2,0,0
BRDA:88,2,1,0
BRDA:92,3,0,0
BRDA:92,3,1,0
BRDA:96,4,0,0
BRDA:96,4,1,0
BRDA:100,5,0,0
BRDA:100,5,1,0
BRDA:107,6,0,0
BRDA:107,6,1,0
BRDA:117,7,0,0
BRDA:117,7,1,0
BRDA:135,8,0,0
BRDA:135,8,1,0
BRDA:170,9,0,0
BRDA:171,10,0,0
BRDA:171,10,1,0
BRDA:174,11,0,0
BRDA:174,11,1,0
BRDA:184,12,0,0
BRDA:184,12,1,0
BRDA:198,13,0,0
BRDA:198,13,1,0
BRDA:201,14,0,0
BRDA:201,14,1,0
BRDA:204,15,0,0
BRDA:204,15,1,0
BRDA:224,16,0,0
BRDA:224,16,1,0
BRDA:230,17,0,0
BRDA:230,17,1,0
BRDA:231,18,0,0
BRDA:231,18,1,0
BRDA:241,19,0,0
BRDA:241,19,1,0
BRDA:259,20,0,0
BRDA:259,20,1,0
BRDA:260,21,0,0
BRDA:260,21,1,0
BRDA:262,22,0,0
BRDA:262,22,1,0
BRDA:267,23,0,0
BRDA:267,23,1,0
BRDA:268,24,0,0
BRDA:268,24,1,0
BRDA:278,25,0,0
BRDA:278,25,1,0
BRDA:281,26,0,0
BRDA:281,26,1,0
BRDA:291,27,0,0
BRDA:291,27,1,0
BRF:55
BRH:0
end_of_record
TN:
SF:src/aes256.js
FN:12,(anonymous_0)
FN:16,(anonymous_1)
FN:23,(anonymous_2)
FNF:3
FNH:3
FNDA:2,(anonymous_0)
FNDA:2,(anonymous_1)
FNDA:2,(anonymous_2)
DA:1,2
DA:3,2
DA:5,2
DA:12,2
DA:13,2
DA:15,2
DA:17,2
DA:18,2
DA:19,2
DA:20,2
DA:21,2
DA:24,2
DA:25,2
DA:26,2
DA:27,2
DA:28,2
DA:29,2
DA:30,2
LF:18
LH:18
BRF:0
BRH:0
end_of_record
TN:
SF:src/all.js
FN:1,(anonymous_0)
FN:2,(anonymous_1)
FN:6,(anonymous_2)
FN:17,(anonymous_3)
FN:17,(anonymous_4)
FN:25,(anonymous_5)
FN:25,(anonymous_6)
FNF:7
FNH:1
FNDA:1,(anonymous_0)
FNDA:0,(anonymous_1)
FNDA:0,(anonymous_2)
FNDA:0,(anonymous_3)
FNDA:0,(anonymous_4)
FNDA:0,(anonymous_5)
FNDA:0,(anonymous_6)
DA:1,1
DA:2,1
DA:3,0
DA:6,1
DA:7,0
DA:8,0
DA:11,0
DA:12,0
DA:15,0
DA:17,0
DA:18,0
DA:19,0
DA:22,0
DA:24,0
DA:25,0
DA:28,0
DA:33,1
LF:17
LH:4
BRDA:7,0,0,0
BRDA:7,0,1,0
BRDA:11,1,0,0
BRDA:11,1,1,0
BRDA:18,2,0,0
BRDA:18,2,1,0
BRDA:24,3,0,0
BRDA:24,3,1,0
BRF:8
BRH:0
end_of_record
TN:
SF:src/alphaid.js
FN:6,(anonymous_0)
FN:7,(anonymous_1)
FN:9,reverseString
FN:13,(anonymous_3)
FN:29,(anonymous_4)
FN:55,(anonymous_5)
FN:79,(anonymous_6)
FNF:7
FNH:6
FNDA:2,(anonymous_0)
FNDA:0,(anonymous_1)
FNDA:107,reverseString
FNDA:8,(anonymous_3)
FNDA:87,(anonymous_4)
FNDA:20,(anonymous_5)
FNDA:8,(anonymous_6)
DA:1,2
DA:6,2
DA:7,2
DA:10,107
DA:13,2
DA:14,8
DA:15,0
DA:18,8
DA:20,8
DA:21,0
DA:24,8
DA:26,8
DA:29,2
DA:30,87
DA:31,0
DA:34,87
DA:36,87
DA:38,87
DA:40,87
DA:41,138
DA:43,138
DA:45,138
DA:48,87
DA:49,82
DA:52,87
DA:55,2
DA:56,20
DA:57,0
DA:60,20
DA:62,20
DA:64,20
DA:66,20
DA:68,20
DA:70,20
DA:71,75
DA:73,75
DA:76,20
DA:79,2
DA:80,8
DA:82,0
DA:88,8
DA:92,2
LF:42
LH:37
BRDA:14,0,0,0
BRDA:14,0,1,8
BRDA:20,1,0,0
BRDA:20,1,1,8
BRDA:30,2,0,0
BRDA:30,2,1,87
BRDA:48,3,0,82
BRDA:48,3,1,5
BRDA:52,4,0,87
BRDA:52,4,1,5
BRDA:56,5,0,0
BRDA:56,5,1,20
BRDA:80,6,0,0
BRDA:80,6,1,8
BRDA:80,7,0,8
BRDA:80,7,1,8
BRF:16
BRH:11
end_of_record
TN:
SF:src/asyncExit.js
FN:1,now
FN:5,(anonymous_1)
FN:6,(anonymous_2)
FN:11,(anonymous_3)
FN:54,onExit
FN:66,(anonymous_5)
FN:96,(anonymous_6)
FN:112,(anonymous_7)
FNF:8
FNH:1
FNDA:0,now
FNDA:1,(anonymous_1)
FNDA:0,(anonymous_2)
FNDA:0,(anonymous_3)
FNDA:0,onExit
FNDA:0,(anonymous_5)
FNDA:0,(anonymous_6)
FNDA:0,(anonymous_7)
DA:2,0
DA:5,1
DA:6,1
DA:9,1
DA:11,1
DA:12,0
DA:13,0
DA:16,0
DA:26,0
DA:52,0
DA:55,0
DA:56,0
DA:59,0
DA:61,0
DA:65,0
DA:66,0
DA:67,0
DA:72,0
DA:76,0
DA:79,0
DA:82,0
DA:83,0
DA:85,0
DA:88,0
DA:90,0
DA:92,0
DA:95,0
DA:96,0
DA:112,0
DA:115,0
LF:30
LH:4
BRDA:12,0,0,0
BRDA:12,0,1,0
BRDA:55,1,0,0
BRDA:55,1,1,0
BRDA:61,2,0,0
BRDA:61,2,1,0
BRDA:65,3,0,0
BRDA:65,3,1,0
BRDA:67,4,0,0
BRDA:67,4,1,0
BRDA:76,5,0,0
BRDA:76,5,1,0
BRDA:85,6,0,0
BRDA:85,6,1,0
BRDA:90,7,0,0
BRDA:90,7,1,0
BRDA:92,8,0,0
BRDA:92,8,1,0
BRDA:95,9,0,0
BRDA:95,9,1,0
BRF:20
BRH:0
end_of_record
TN:
SF:src/cachePromiseInterval.js
FN:38,(anonymous_0)
FN:40,(anonymous_1)
FN:42,(anonymous_2)
FN:46,(anonymous_3)
FN:59,(anonymous_4)
FN:117,(anonymous_5)
FN:118,(anonymous_6)
FN:149,(anonymous_7)
FN:176,(anonymous_8)
FNF:9
FNH:9
FNDA:7,(anonymous_0)
FNDA:7,(anonymous_1)
FNDA:63,(anonymous_2)
FNDA:17,(anonymous_3)
FNDA:23,(anonymous_4)
FNDA:9,(anonymous_5)
FNDA:55,(anonymous_6)
FNDA:15,(anonymous_7)
FNDA:2,(anonymous_8)
DA:30,2
DA:32,2
DA:34,2
DA:36,2
DA:38,7
DA:40,7
DA:42,63
DA:44,2
DA:46,2
DA:47,17
DA:48,1
DA:51,16
DA:52,1
DA:55,15
DA:56,15
DA:59,15
DA:60,23
DA:70,23
DA:72,23
DA:73,23
DA:80,23
DA:81,23
DA:82,1
DA:85,22
DA:86,1
DA:89,21
DA:90,1
DA:93,20
DA:94,18
DA:95,1
DA:98,17
DA:99,1
DA:105,18
DA:107,18
DA:109,18
DA:111,18
DA:112,11
DA:114,10
DA:116,10
DA:118,9
DA:119,55
DA:120,55
DA:122,38
DA:124,38
DA:128,15
DA:141,53
DA:144,9
DA:148,17
DA:150,15
DA:152,15
DA:154,15
DA:156,15
DA:158,15
DA:159,14
DA:161,14
DA:163,14
DA:165,14
DA:167,14
DA:170,15
DA:172,15
DA:174,15
DA:177,2
DA:191,2
DA:192,1
DA:193,1
DA:195,0
DA:198,1
DA:202,6
DA:215,6
DA:216,6
DA:217,6
DA:219,0
DA:222,0
DA:228,2
LF:74
LH:71
BRDA:47,0,0,1
BRDA:47,0,1,16
BRDA:51,1,0,1
BRDA:51,1,1,15
BRDA:55,2,0,15
BRDA:55,2,1,0
BRDA:59,3,0,0
BRDA:72,4,0,23
BRDA:72,4,1,0
BRDA:81,5,0,1
BRDA:81,5,1,22
BRDA:85,6,0,1
BRDA:85,6,1,21
BRDA:89,7,0,1
BRDA:89,7,1,20
BRDA:93,8,0,18
BRDA:93,8,1,2
BRDA:94,9,0,1
BRDA:94,9,1,17
BRDA:98,10,0,1
BRDA:98,10,1,16
BRDA:111,11,0,11
BRDA:111,11,1,7
BRDA:116,12,0,10
BRDA:116,12,1,9
BRDA:128,13,0,15
BRDA:128,13,1,0
BRDA:158,14,0,14
BRDA:158,14,1,1
BRDA:177,15,0,2
BRDA:177,15,1,0
BRDA:191,16,0,1
BRDA:191,16,1,1
BRDA:191,17,0,2
BRDA:191,17,1,2
BRDA:192,18,0,1
BRDA:192,18,1,0
BRDA:202,19,0,6
BRDA:202,19,1,0
BRDA:215,20,0,6
BRDA:215,20,1,0
BRDA:216,21,0,6
BRDA:216,21,1,0
BRF:43
BRH:34
end_of_record
TN:
SF:src/cachePromiseIntervalSeed.js
FN:38,(anonymous_0)
FN:40,(anonymous_1)
FN:42,(anonymous_2)
FN:46,(anonymous_3)
FN:59,(anonymous_4)
FN:121,(anonymous_5)
FN:122,(anonymous_6)
FN:153,(anonymous_7)
FN:180,(anonymous_8)
FNF:9
FNH:9
FNDA:7,(anonymous_0)
FNDA:7,(anonymous_1)
FNDA:63,(anonymous_2)
FNDA:17,(anonymous_3)
FNDA:23,(anonymous_4)
FNDA:9,(anonymous_5)
FNDA:56,(anonymous_6)
FNDA:15,(anonymous_7)
FNDA:2,(anonymous_8)
DA:30,2
DA:32,2
DA:34,2
DA:36,2
DA:38,7
DA:40,7
DA:42,63
DA:44,2
DA:46,2
DA:47,17
DA:48,1
DA:51,16
DA:52,1
DA:55,15
DA:56,15
DA:59,15
DA:60,23
DA:70,23
DA:71,0
DA:74,23
DA:76,23
DA:77,23
DA:84,23
DA:85,23
DA:86,1
DA:89,22
DA:90,1
DA:93,21
DA:94,1
DA:97,20
DA:98,18
DA:99,1
DA:102,17
DA:103,1
DA:109,18
DA:111,18
DA:113,18
DA:115,18
DA:116,11
DA:118,10
DA:120,10
DA:122,9
DA:123,56
DA:124,56
DA:126,38
DA:128,38
DA:132,15
DA:145,53
DA:148,9
DA:152,17
DA:154,15
DA:156,15
DA:158,15
DA:160,15
DA:162,15
DA:163,14
DA:165,14
DA:167,14
DA:169,14
DA:171,14
DA:174,15
DA:176,15
DA:178,15
DA:181,2
DA:195,2
DA:196,1
DA:197,1
DA:199,0
DA:202,1
DA:206,6
DA:219,6
DA:220,6
DA:221,6
DA:223,0
DA:226,0
DA:232,2
LF:76
LH:72
BRDA:47,0,0,1
BRDA:47,0,1,16
BRDA:51,1,0,1
BRDA:51,1,1,15
BRDA:55,2,0,15
BRDA:55,2,1,0
BRDA:59,3,0,0
BRDA:70,4,0,0
BRDA:70,4,1,23
BRDA:76,5,0,23
BRDA:76,5,1,0
BRDA:85,6,0,1
BRDA:85,6,1,22
BRDA:89,7,0,1
BRDA:89,7,1,21
BRDA:93,8,0,1
BRDA:93,8,1,20
BRDA:97,9,0,18
BRDA:97,9,1,2
BRDA:98,10,0,1
BRDA:98,10,1,17
BRDA:102,11,0,1
BRDA:102,11,1,16
BRDA:115,12,0,11
BRDA:115,12,1,7
BRDA:120,13,0,10
BRDA:120,13,1,9
BRDA:132,14,0,15
BRDA:132,14,1,0
BRDA:162,15,0,14
BRDA:162,15,1,1
BRDA:181,16,0,2
BRDA:181,16,1,0
BRDA:195,17,0,1
BRDA:195,17,1,1
BRDA:195,18,0,2
BRDA:195,18,1,2
BRDA:196,19,0,1
BRDA:196,19,1,0
BRDA:206,20,0,6
BRDA:206,20,1,0
BRDA:219,21,0,6
BRDA:219,21,1,0
BRDA:220,22,0,6
BRDA:220,22,1,0
BRF:45
BRH:35
end_of_record
TN:
SF:src/colors.js
FN:11,(anonymous_0)
FN:13,(anonymous_1)
FN:17,(anonymous_2)
FN:62,(anonymous_3)
FN:63,(anonymous_4)
FN:66,(anonymous_5)
FN:68,(anonymous_6)
FN:69,(anonymous_7)
FNF:8
FNH:2
FNDA:0,(anonymous_0)
FNDA:0,(anonymous_1)
FNDA:0,(anonymous_2)
FNDA:1,(anonymous_3)
FNDA:0,(anonymous_4)
FNDA:0,(anonymous_5)
FNDA:29,(anonymous_6)
FNDA:0,(anonymous_7)
DA:6,1
DA:10,1
DA:11,1
DA:13,0
DA:14,0
DA:15,0
DA:17,0
DA:29,1
DA:62,1
DA:63,1
DA:66,1
DA:68,1
DA:69,29
DA:72,1
LF:14
LH:10
BRDA:10,0,0,1
BRDA:10,0,1,0
BRF:2
BRH:1
end_of_record
TN:
SF:src/combineReducers.js
FN:4,(anonymous_0)
FN:5,(anonymous_1)
FN:6,(anonymous_2)
FNF:3
FNH:0
FNDA:0,(anonymous_0)
FNDA:0,(anonymous_1)
FNDA:0,(anonymous_2)
DA:4,1
DA:5,0
DA:6,0
DA:7,0
DA:8,0
DA:13,1
LF:6
LH:2
BRDA:5,0,0,0
BRF:1
BRH:0
end_of_record
TN:
SF:src/curry.js
FN:1,(anonymous_0)
FN:8,(anonymous_1)
FNF:2
FNH:2
FNDA:5,(anonymous_0)
FNDA:8,(anonymous_1)
DA:1,2
DA:2,5
DA:3,1
DA:6,4
DA:8,4
DA:9,8
DA:11,8
DA:12,4
DA:15,4
DA:18,4
LF:10
LH:10
BRDA:2,0,0,1
BRDA:2,0,1,4
BRDA:11,1,0,4
BRDA:11,1,1,4
BRF:4
BRH:4
end_of_record
TN:
SF:src/del.js
FN:8,(anonymous_0)
FN:24,(anonymous_1)
FNF:2
FNH:2
FNDA:7,(anonymous_0)
FNDA:22,(anonymous_1)
DA:3,2
DA:8,2
DA:12,7
DA:13,1
DA:16,6
DA:17,4
DA:20,6
DA:21,1
DA:24,6
DA:25,22
DA:26,1
DA:32,5
DA:35,5
DA:36,5
DA:37,18
DA:38,14
DA:40,4
DA:41,1
DA:43,3
DA:46,4
DA:54,2
LF:21
LH:21
BRDA:12,0,0,1
BRDA:12,0,1,6
BRDA:12,1,0,7
BRDA:12,1,1,2
BRDA:16,2,0,4
BRDA:16,2,1,2
BRDA:16,3,0,6
BRDA:16,3,1,5
BRDA:20,4,0,1
BRDA:20,4,1,5
BRDA:25,5,0,1
BRDA:25,5,1,21
BRDA:37,6,0,14
BRDA:37,6,1,4
BRDA:40,7,0,1
BRDA:40,7,1,3
BRF:16
BRH:16
end_of_record
TN:
SF:src/delay.js
FN:42,(anonymous_0)
FN:43,(anonymous_1)
FN:58,(anonymous_2)
FN:59,(anonymous_3)
FN:78,(anonymous_4)
FN:79,(anonymous_5)
FN:80,(anonymous_6)
FNF:7
FNH:7
FNDA:27,(anonymous_0)
FNDA:27,(anonymous_1)
FNDA:6,(anonymous_2)
FNDA:6,(anonymous_3)
FNDA:4,(anonymous_4)
FNDA:2,(anonymous_5)
FNDA:2,(anonymous_6)
DA:42,7
DA:43,27
DA:44,27
DA:58,7
DA:59,6
DA:60,6
DA:78,7
DA:79,2
DA:80,2
DA:83,7
DA:85,7
DA:87,7
LF:12
LH:12
BRDA:44,0,0,25
BRDA:44,0,1,2
BRDA:60,1,0,4
BRDA:60,1,1,2
BRF:4
BRH:4
end_of_record
TN:
SF:src/generateCurl.js
FN:1,(anonymous_0)
FN:2,(anonymous_1)
FN:4,isObject
FN:8,slashParenthesis
FN:15,(anonymous_4)
FNF:5
FNH:5
FNDA:2,(anonymous_0)
FNDA:3,(anonymous_1)
FNDA:11,isObject
FNDA:6,slashParenthesis
FNDA:10,(anonymous_4)
DA:1,2
DA:2,3
DA:5,11
DA:9,6
DA:10,1
DA:12,5
DA:15,2
DA:16,10
DA:21,10
DA:22,1
DA:25,9
DA:27,9
DA:28,2
DA:30,2
DA:33,9
DA:34,6
DA:35,1
DA:38,5
DA:39,4
DA:40,7
DA:41,6
DA:47,8
DA:48,5
DA:49,3
DA:51,5
DA:52,4
DA:54,1
DA:60,7
DA:62,7
DA:64,7
DA:68,2
LF:31
LH:31
BRDA:9,0,0,1
BRDA:9,0,1,5
BRDA:21,1,0,1
BRDA:21,1,1,9
BRDA:21,2,0,10
BRDA:21,2,1,9
BRDA:27,3,0,2
BRDA:27,3,1,7
BRDA:27,4,0,9
BRDA:27,4,1,2
BRDA:33,5,0,6
BRDA:33,5,1,3
BRDA:34,6,0,1
BRDA:34,6,1,5
BRDA:38,7,0,4
BRDA:38,7,1,1
BRDA:40,8,0,6
BRDA:40,8,1,1
BRDA:40,9,0,7
BRDA:40,9,1,7
BRDA:40,9,2,7
BRDA:40,9,3,6
BRDA:47,10,0,5
BRDA:47,10,1,3
BRDA:48,11,0,3
BRDA:48,11,1,2
BRDA:48,12,0,5
BRDA:48,12,1,2
BRDA:49,13,0,2
BRDA:49,13,1,1
BRDA:51,14,0,4
BRDA:51,14,1,1
BRDA:62,15,0,2
BRDA:62,15,1,5
BRF:34
BRH:34
end_of_record
TN:
SF:src/generateSalt.js
FN:1,(anonymous_0)
FN:4,th
FN:8,(anonymous_2)
FNF:3
FNH:3
FNDA:2,(anonymous_0)
FNDA:2,th
FNDA:4,(anonymous_2)
DA:1,2
DA:2,2
DA:5,2
DA:8,2
DA:9,4
DA:10,1
DA:13,4
DA:14,1
DA:17,3
DA:18,1
DA:21,2
DA:28,2
LF:12
LH:12
BRDA:9,0,0,1
BRDA:9,0,1,3
BRDA:13,1,0,1
BRDA:13,1,1,3
BRDA:17,2,0,1
BRDA:17,2,1,2
BRF:6
BRH:6
end_of_record
TN:
SF:src/get.js
FN:14,(anonymous_0)
FNF:1
FNH:1
FNDA:12,(anonymous_0)
DA:3,3
DA:14,3
DA:18,12
DA:19,3
DA:22,9
DA:23,3
DA:26,9
DA:27,6
DA:30,9
DA:33,9
DA:34,13
DA:35,13
DA:36,5
DA:38,8
DA:39,4
DA:42,3
DA:45,2
DA:50,3
LF:18
LH:18
BRDA:18,0,0,3
BRDA:18,0,1,9
BRDA:22,1,0,3
BRDA:22,1,1,6
BRDA:22,2,0,9
BRDA:22,2,1,9
BRDA:26,3,0,6
BRDA:26,3,1,3
BRDA:35,4,0,5
BRDA:35,4,1,8
BRDA:38,5,0,4
BRDA:38,5,1,3
BRF:12
BRH:12
end_of_record
TN:
SF:src/getUserAgent.js
FN:26,(anonymous_0)
FNF:1
FNH:0
FNDA:0,(anonymous_0)
DA:1,1
DA:26,1
DA:27,0
DA:31,0
DA:32,0
DA:33,0
DA:34,0
DA:37,0
DA:38,0
DA:41,0
DA:44,0
DA:46,0
DA:49,0
LF:13
LH:2
BRDA:32,0,0,0
BRDA:32,0,1,0
BRDA:33,1,0,0
BRDA:33,1,1,0
BRDA:37,2,0,0
BRDA:37,2,1,0
BRF:6
BRH:0
end_of_record
TN:
SF:src/incrementSlug.js
FN:6,(anonymous_0)
FNF:1
FNH:1
FNDA:708,(anonymous_0)
DA:1,2
DA:6,2
DA:7,708
DA:8,1
DA:11,707
DA:12,1
DA:15,706
DA:16,1
DA:19,705
DA:20,2
DA:25,703
DA:27,703
DA:29,703
DA:31,703
DA:32,699
DA:33,1
DA:38,698
DA:41,4
DA:44,2
LF:19
LH:19
BRDA:6,0,0,305
BRDA:7,1,0,1
BRDA:7,1,1,707
BRDA:11,2,0,1
BRDA:11,2,1,706
BRDA:15,3,0,1
BRDA:15,3,1,705
BRDA:19,4,0,2
BRDA:19,4,1,703
BRDA:31,5,0,699
BRDA:31,5,1,4
BRDA:32,6,0,1
BRDA:32,6,1,698
BRF:13
BRH:13
end_of_record
TN:
SF:src/isArray.js
FN:19,isArray
FN:22,(anonymous_1)
FNF:2
FNH:2
FNDA:281,isArray
FNDA:36,(anonymous_1)
DA:21,281
DA:22,1
DA:23,36
DA:27,281
DA:30,6
LF:5
LH:5
BRDA:21,0,0,1
BRDA:21,0,1,280
BRF:2
BRH:2
end_of_record
TN:
SF:src/isAsyncFunction.js
FN:20,isAsyncFunction
FNF:1
FNH:1
FNDA:18,isAsyncFunction
DA:21,18
DA:22,18
DA:25,3
DA:28,2
LF:4
LH:4
BRF:0
BRH:0
end_of_record
TN:
SF:src/isDate.js
FN:5,isDate
FNF:1
FNH:1
FNDA:18,isDate
DA:6,18
DA:9,3
LF:2
LH:2
BRF:0
BRH:0
end_of_record
TN:
SF:src/isGoogleChrome.js
FN:11,(anonymous_0)
FNF:1
FNH:0
FNDA:0,(anonymous_0)
DA:1,1
DA:11,1
DA:12,0
DA:14,0
LF:4
LH:2
BRDA:15,0,0,0
BRDA:15,0,1,0
BRDA:15,0,2,0
BRF:3
BRH:0
end_of_record
TN:
SF:src/isNode.js
FNF:0
FNH:0
DA:4,3
LF:1
LH:1
BRDA:5,0,0,3
BRDA:5,0,1,3
BRF:2
BRH:2
end_of_record
TN:
SF:src/isObject.js
FN:37,isObject
FNF:1
FNH:1
FNDA:242,isObject
DA:38,242
DA:41,7
LF:2
LH:2
BRF:0
BRH:0
end_of_record
TN:
SF:src/lcstorage.js
FN:6,(anonymous_0)
FN:17,(anonymous_1)
FN:38,(anonymous_2)
FN:57,(anonymous_3)
FN:68,(anonymous_4)
FN:79,(anonymous_5)
FN:107,error
FNF:7
FNH:0
FNDA:0,(anonymous_0)
FNDA:0,(anonymous_1)
FNDA:0,(anonymous_2)
FNDA:0,(anonymous_3)
FNDA:0,(anonymous_4)
FNDA:0,(anonymous_5)
FNDA:0,error
DA:1,1
DA:3,1
DA:5,1
DA:7,0
DA:8,0
DA:9,0
DA:11,0
DA:15,0
DA:18,0
DA:19,0
DA:20,0
DA:22,0
DA:23,0
DA:26,0
DA:27,0
DA:29,0
DA:32,0
DA:36,0
DA:39,0
DA:40,0
DA:43,0
DA:44,0
DA:47,0
DA:48,0
DA:49,0
DA:51,0
DA:55,0
DA:58,0
DA:59,0
DA:60,0
DA:62,0
DA:66,0
DA:69,0
DA:70,0
DA:71,0
DA:73,0
DA:77,0
DA:80,0
DA:81,0
DA:82,0
DA:84,0
DA:85,0
DA:87,0
DA:88,0
DA:90,0
DA:91,0
DA:96,0
DA:98,0
DA:102,0
DA:108,0
DA:110,0
DA:112,0
DA:113,0
DA:116,0
LF:54
LH:3
BRDA:6,0,0,0
BRDA:7,1,0,0
BRDA:7,1,1,0
BRDA:17,2,0,0
BRDA:18,3,0,0
BRDA:18,3,1,0
BRDA:22,4,0,0
BRDA:22,4,1,0
BRDA:38,5,0,0
BRDA:39,6,0,0
BRDA:39,6,1,0
BRDA:43,7,0,0
BRDA:43,7,1,0
BRDA:47,8,0,0
BRDA:47,8,1,0
BRDA:57,9,0,0
BRDA:58,10,0,0
BRDA:58,10,1,0
BRDA:68,11,0,0
BRDA:69,12,0,0
BRDA:69,12,1,0
BRDA:79,13,0,0
BRDA:79,14,0,0
BRDA:80,15,0,0
BRDA:80,15,1,0
BRDA:87,16,0,0
BRDA:87,16,1,0
BRDA:90,17,0,0
BRDA:90,17,1,0
BRDA:112,18,0,0
BRDA:112,18,1,0
BRDA:116,19,0,0
BRDA:116,19,1,0
BRDA:116,19,2,0
BRDA:116,19,3,0
BRF:35
BRH:0
end_of_record
TN:
SF:src/lightFetch.js
FN:15,(anonymous_0)
FN:32,(anonymous_1)
FN:58,(anonymous_2)
FN:59,(anonymous_3)
FN:104,(anonymous_4)
FN:112,(anonymous_5)
FN:177,(anonymous_6)
FN:182,(anonymous_7)
FN:186,(anonymous_8)
FN:250,(anonymous_9)
FN:253,(anonymous_10)
FN:268,(anonymous_11)
FN:279,isObject
FN:283,unique
FN:285,(anonymous_14)
FNF:15
FNH:15
FNDA:14,(anonymous_0)
FNDA:10,(anonymous_1)
FNDA:22,(anonymous_2)
FNDA:30,(anonymous_3)
FNDA:19,(anonymous_4)
FNDA:2,(anonymous_5)
FNDA:14,(anonymous_6)
FNDA:14,(anonymous_7)
FNDA:14,(anonymous_8)
FNDA:16,(anonymous_9)
FNDA:1,(anonymous_10)
FNDA:2,(anonymous_11)
FNDA:17,isObject
FNDA:19,unique
FNDA:114,(anonymous_14)
DA:3,2
DA:5,2
DA:7,2
DA:11,2
DA:13,2
DA:15,14
DA:17,2
DA:33,10
DA:56,2
DA:58,2
DA:59,22
DA:60,30
DA:61,1
DA:83,21
DA:88,21
DA:89,1
DA:92,20
DA:93,1
DA:96,20
DA:97,1
DA:100,19
DA:102,19
DA:104,19
DA:105,19
DA:106,19
DA:108,18
DA:110,18
DA:113,2
DA:114,2
DA:117,18
DA:122,18
DA:126,18
DA:128,18
DA:129,1
DA:137,17
DA:138,4
DA:139,4
DA:141,1
DA:143,1
DA:146,3
DA:149,16
DA:157,16
DA:162,16
DA:163,2
DA:165,2
DA:168,16
DA:169,2
DA:177,16
DA:178,14
DA:180,14
DA:182,14
DA:183,14
DA:186,14
DA:187,14
DA:188,14
DA:195,6
DA:196,6
DA:198,2
DA:200,2
DA:201,0
DA:206,2
DA:210,12
DA:211,1
DA:213,1
DA:216,10
DA:221,10
DA:226,10
DA:227,9
DA:230,10
DA:231,1
DA:234,10
DA:235,1
DA:241,10
DA:243,1
DA:245,1
DA:250,16
DA:251,16
DA:253,16
DA:256,1
DA:257,1
DA:259,0
DA:260,0
DA:264,1
DA:268,16
DA:270,16
DA:272,16
DA:274,2
DA:280,17
DA:284,19
DA:285,19
DA:286,114
DA:287,114
DA:288,114
LF:93
LH:90
BRDA:33,0,0,10
BRDA:33,0,1,10
BRDA:58,1,0,3
BRDA:59,2,0,22
BRDA:59,2,1,1
BRDA:60,3,0,1
BRDA:60,3,1,29
BRDA:88,4,0,1
BRDA:88,4,1,20
BRDA:92,5,0,1
BRDA:92,5,1,19
BRDA:96,6,0,1
BRDA:96,6,1,19
BRDA:108,7,0,0
BRDA:108,7,1,18
BRDA:128,8,0,1
BRDA:128,8,1,17
BRDA:128,9,0,18
BRDA:128,9,1,5
BRDA:137,10,0,4
BRDA:137,10,1,13
BRDA:137,11,0,17
BRDA:137,11,1,13
BRDA:151,12,0,16
BRDA:151,12,1,0
BRDA:151,13,0,0
BRDA:151,13,1,0
BRDA:152,14,0,1
BRDA:152,14,1,15
BRDA:162,15,0,2
BRDA:162,15,1,14
BRDA:168,16,0,2
BRDA:168,16,1,14
BRDA:188,17,0,6
BRDA:188,17,1,8
BRDA:189,18,0,14
BRDA:189,18,1,8
BRDA:189,18,2,8
BRDA:191,19,0,8
BRDA:191,19,1,8
BRDA:200,20,0,0
BRDA:200,20,1,2
BRDA:210,21,0,1
BRDA:210,21,1,10
BRDA:226,22,0,9
BRDA:226,22,1,1
BRDA:230,23,0,1
BRDA:230,23,1,9
BRDA:234,24,0,1
BRDA:234,24,1,9
BRDA:270,25,0,16
BRDA:270,25,1,3
BRDA:284,26,0,19
BRDA:284,26,1,19
BRDA:287,27,0,57
BRDA:287,27,1,57
BRF:56
BRH:51
end_of_record
TN:
SF:src/manipulation.js
FN:4,(anonymous_0)
FN:7,(anonymous_1)
FN:11,(anonymous_2)
FN:15,(anonymous_3)
FN:19,(anonymous_4)
FN:23,(anonymous_5)
FNF:6
FNH:0
FNDA:0,(anonymous_0)
FNDA:0,(anonymous_1)
FNDA:0,(anonymous_2)
FNDA:0,(anonymous_3)
FNDA:0,(anonymous_4)
FNDA:0,(anonymous_5)
DA:1,1
DA:5,0
DA:8,0
DA:9,0
DA:12,0
DA:13,0
DA:16,0
DA:17,0
DA:20,0
DA:21,0
DA:24,0
DA:25,0
DA:27,0
DA:31,1
LF:14
LH:2
BRF:0
BRH:0
end_of_record
TN:
SF:src/md5.js
FN:10,md5
FN:25,(anonymous_1)
FN:37,(anonymous_2)
FNF:3
FNH:0
FNDA:0,md5
FNDA:0,(anonymous_1)
FNDA:0,(anonymous_2)
DA:8,1
DA:11,0
DA:14,1
DA:16,1
DA:17,0
DA:19,0
DA:23,0
DA:25,0
DA:26,0
DA:27,0
DA:30,0
DA:31,0
DA:33,0
DA:37,0
DA:38,0
LF:15
LH:3
BRDA:16,0,0,0
BRDA:16,0,1,1
BRDA:26,1,0,0
BRDA:26,1,1,0
BRDA:30,2,0,0
BRDA:30,2,1,0
BRF:6
BRH:1
end_of_record
TN:
SF:src/ms.js
FN:4,th
FN:30,(anonymous_1)
FN:35,ms
FN:54,(anonymous_3)
FN:67,raw
FN:114,generate
FN:127,(anonymous_6)
FN:137,(anonymous_7)
FN:148,(anonymous_8)
FNF:9
FNH:9
FNDA:6,th
FNDA:24,(anonymous_1)
FNDA:67,ms
FNDA:384,(anonymous_3)
FNDA:78,raw
FNDA:40,generate
FNDA:157,(anonymous_6)
FNDA:377,(anonymous_7)
FNDA:18,(anonymous_8)
DA:5,6
DA:8,4
DA:17,4
DA:26,4
DA:28,4
DA:30,4
DA:31,24
DA:32,24
DA:36,67
DA:37,2
DA:42,67
DA:49,67
DA:51,67
DA:53,64
DA:55,384
DA:56,90
DA:59,384
DA:68,78
DA:69,10
DA:72,78
DA:73,3
DA:76,75
DA:77,2
DA:86,73
DA:95,73
DA:99,73
DA:100,436
DA:102,436
DA:104,436
DA:106,436
DA:108,436
DA:111,73
DA:115,40
DA:116,32
DA:119,40
DA:120,1
DA:125,39
DA:127,39
DA:128,157
DA:129,30
DA:131,30
DA:134,127
DA:135,124
DA:137,124
DA:138,377
DA:141,124
DA:143,124
DA:147,39
DA:148,6
DA:149,18
DA:153,39
DA:156,4
DA:158,4
DA:160,4
DA:162,4
DA:164,4
LF:56
LH:56
BRDA:36,0,0,2
BRDA:36,0,1,65
BRDA:49,1,0,67
BRDA:49,1,1,66
BRDA:55,2,0,90
BRDA:55,2,1,294
BRDA:68,3,0,10
BRDA:68,3,1,68
BRDA:72,4,0,3
BRDA:72,4,1,75
BRDA:76,5,0,2
BRDA:76,5,1,73
BRDA:115,6,0,32
BRDA:115,6,1,8
BRDA:119,7,0,1
BRDA:119,7,1,39
BRDA:128,8,0,30
BRDA:128,8,1,127
BRDA:134,9,0,124
BRDA:134,9,1,3
BRDA:147,10,0,6
BRDA:147,10,1,33
BRF:22
BRH:22
end_of_record
TN:
SF:src/negotiatePort.js
FN:5,(anonymous_0)
FN:10,(anonymous_1)
FNF:2
FNH:2
FNDA:3,(anonymous_0)
FNDA:32,(anonymous_1)
DA:3,2
DA:5,3
DA:10,2
DA:11,32
DA:12,1
DA:15,31
DA:17,31
DA:19,31
DA:20,1
DA:23,30
DA:24,2
DA:27,28
DA:28,1
DA:31,27
DA:32,1
DA:35,26
DA:37,26
DA:39,26
DA:40,17
DA:41,7
DA:44,9
DA:45,4
DA:49,26
DA:50,11
DA:51,6
DA:55,20
DA:58,2
LF:27
LH:27
BRDA:11,0,0,1
BRDA:11,0,1,31
BRDA:19,1,0,1
BRDA:19,1,1,30
BRDA:23,2,0,2
BRDA:23,2,1,28
BRDA:27,3,0,1
BRDA:27,3,1,27
BRDA:31,4,0,1
BRDA:31,4,1,26
BRDA:39,5,0,17
BRDA:39,5,1,9
BRDA:40,6,0,7
BRDA:40,6,1,10
BRDA:44,7,0,4
BRDA:44,7,1,5
BRDA:49,8,0,11
BRDA:49,8,1,15
BRDA:50,9,0,6
BRDA:50,9,1,5
BRF:20
BRH:20
end_of_record
TN:
SF:src/parallel.js
FN:5,(anonymous_0)
FN:7,(anonymous_1)
FN:18,trigger
FN:44,releaseSlot
FN:60,(anonymous_4)
FN:80,(anonymous_5)
FN:91,(anonymous_6)
FN:105,(anonymous_7)
FN:109,(anonymous_8)
FNF:9
FNH:7
FNDA:1,(anonymous_0)
FNDA:3,(anonymous_1)
FNDA:38,trigger
FNDA:18,releaseSlot
FNDA:21,(anonymous_4)
FNDA:3,(anonymous_5)
FNDA:8,(anonymous_6)
FNDA:0,(anonymous_7)
FNDA:0,(anonymous_8)
DA:1,2
DA:3,2
DA:5,2
DA:7,2
DA:8,3
DA:9,0
DA:12,3
DA:14,3
DA:16,3
DA:19,38
DA:20,35
DA:22,35
DA:23,85
DA:25,85
DA:26,20
DA:28,20
DA:30,20
DA:32,20
DA:34,20
DA:35,0
DA:37,0
DA:39,0
DA:42,20
DA:45,18
DA:46,17
DA:49,18
DA:54,20
DA:60,3
DA:61,21
DA:62,1
DA:65,20
DA:66,0
DA:67,0
DA:70,20
DA:71,0
DA:75,20
DA:77,20
DA:80,3
DA:81,3
DA:82,3
DA:83,0
DA:86,3
DA:87,0
DA:91,3
DA:92,8
DA:94,8
DA:96,8
DA:99,3
DA:105,3
DA:109,3
DA:111,3
LF:51
LH:42
BRDA:8,0,0,0
BRDA:8,0,1,3
BRDA:19,1,0,35
BRDA:19,1,1,3
BRDA:25,2,0,20
BRDA:25,2,1,65
BRDA:34,3,0,0
BRDA:34,3,1,20
BRDA:45,4,0,17
BRDA:45,4,1,1
BRDA:61,5,0,1
BRDA:61,5,1,20
BRDA:65,6,0,0
BRDA:65,6,1,20
BRDA:66,7,0,0
BRDA:66,7,1,0
BRDA:70,8,0,0
BRDA:70,8,1,20
BRDA:81,9,0,3
BRDA:81,9,1,0
BRDA:82,10,0,0
BRDA:82,10,1,3
BRDA:86,11,0,0
BRDA:86,11,1,3
BRDA:94,12,0,8
BRDA:94,12,1,6
BRF:26
BRH:17
end_of_record
TN:
SF:src/pregQuote.js
FN:18,pregQuote
FNF:1
FNH:1
FNDA:1038,pregQuote
DA:16,6
DA:19,1038
DA:20,1
DA:23,1037
DA:26,6
LF:5
LH:5
BRDA:19,0,0,1
BRDA:19,0,1,1037
BRF:2
BRH:2
end_of_record
TN:
SF:src/prepareToStamp.js
FN:7,(anonymous_0)
FN:29,(anonymous_1)
FNF:2
FNH:1
FNDA:1,(anonymous_0)
FNDA:0,(anonymous_1)
DA:1,2
DA:3,2
DA:5,2
DA:7,2
DA:8,1
DA:9,0
DA:12,1
DA:13,0
DA:16,1
DA:17,0
DA:20,1
DA:21,0
DA:24,1
DA:25,1
DA:27,1
DA:29,1
DA:30,0
DA:32,0
DA:33,0
DA:36,0
DA:40,0
DA:43,2
LF:22
LH:13
BRDA:8,0,0,0
BRDA:8,0,1,1
BRDA:12,1,0,0
BRDA:12,1,1,1
BRDA:16,2,0,0
BRDA:16,2,1,1
BRDA:20,3,0,0
BRDA:20,3,1,1
BRDA:24,4,0,1
BRDA:24,4,1,0
BRDA:32,5,0,0
BRDA:32,5,1,0
BRF:12
BRH:5
end_of_record
TN:
SF:src/promiseall.js
FN:5,th
FN:9,(anonymous_1)
FN:36,(anonymous_2)
FN:37,(anonymous_3)
FN:50,(anonymous_4)
FN:51,(anonymous_5)
FN:51,(anonymous_6)
FN:60,(anonymous_7)
FN:64,(anonymous_8)
FN:64,(anonymous_9)
FN:79,(anonymous_10)
FNF:11
FNH:11
FNDA:4,th
FNDA:20,(anonymous_1)
FNDA:31,(anonymous_2)
FNDA:16,(anonymous_3)
FNDA:15,(anonymous_4)
FNDA:45,(anonymous_5)
FNDA:30,(anonymous_6)
FNDA:25,(anonymous_7)
FNDA:45,(anonymous_8)
FNDA:15,(anonymous_9)
FNDA:45,(anonymous_10)
DA:6,4
DA:9,2
DA:10,20
DA:11,2
DA:14,18
DA:16,18
DA:17,1
DA:20,17
DA:22,17
DA:23,49
DA:27,6
DA:30,49
DA:32,49
DA:33,2
DA:35,47
DA:42,17
DA:43,2
DA:46,15
DA:48,15
DA:50,15
DA:51,45
DA:52,30
DA:54,30
DA:59,30
DA:60,25
DA:64,45
DA:65,15
DA:67,15
DA:69,15
DA:74,15
DA:75,4
DA:79,45
DA:83,2
LF:33
LH:33
BRDA:10,0,0,2
BRDA:10,0,1,18
BRDA:16,1,0,1
BRDA:16,1,1,17
BRDA:23,2,0,6
BRDA:23,2,1,43
BRDA:24,3,0,49
BRDA:24,3,1,8
BRDA:32,4,0,2
BRDA:32,4,1,47
BRDA:32,5,0,49
BRDA:32,5,1,49
BRDA:42,6,0,2
BRDA:42,6,1,15
BRDA:59,7,0,11
BRDA:59,7,1,19
BRDA:60,8,0,8
BRDA:60,8,1,3
BRDA:74,9,0,4
BRDA:74,9,1,11
BRF:20
BRH:20
end_of_record
TN:
SF:src/promiseany.js
FN:1,th
FN:5,promiseany
FN:30,(anonymous_2)
FN:31,(anonymous_3)
FN:40,(anonymous_4)
FN:46,(anonymous_5)
FN:47,(anonymous_6)
FNF:7
FNH:7
FNDA:5,th
FNDA:20,promiseany
FNDA:28,(anonymous_2)
FNDA:16,(anonymous_3)
FNDA:15,(anonymous_4)
FNDA:45,(anonymous_5)
FNDA:15,(anonymous_6)
DA:2,5
DA:6,20
DA:7,2
DA:10,18
DA:11,1
DA:14,17
DA:16,17
DA:17,49
DA:21,6
DA:24,49
DA:26,49
DA:27,2
DA:29,47
DA:36,17
DA:37,2
DA:40,15
DA:41,15
DA:43,15
DA:45,15
DA:46,45
DA:47,45
DA:48,15
DA:50,15
DA:52,15
DA:53,4
DA:61,2
LF:26
LH:26
BRDA:6,0,0,2
BRDA:6,0,1,18
BRDA:10,1,0,1
BRDA:10,1,1,17
BRDA:17,2,0,6
BRDA:17,2,1,43
BRDA:18,3,0,49
BRDA:18,3,1,8
BRDA:26,4,0,2
BRDA:26,4,1,47
BRDA:26,5,0,49
BRDA:26,5,1,49
BRDA:36,6,0,2
BRDA:36,6,1,15
BRDA:52,7,0,4
BRDA:52,7,1,11
BRF:16
BRH:16
end_of_record
TN:
SF:src/serializeError.js
FN:16,(anonymous_0)
FN:57,(anonymous_1)
FN:71,(anonymous_2)
FNF:3
FNH:3
FNDA:6,(anonymous_0)
FNDA:5,(anonymous_1)
FNDA:5,(anonymous_2)
DA:9,3
DA:16,3
DA:17,6
DA:19,6
DA:21,6
DA:22,6
DA:23,0
DA:26,6
DA:27,1
DA:28,1
DA:31,5
DA:32,4
DA:37,4
DA:40,1
DA:43,6
DA:44,24
DA:45,3
DA:54,6
DA:57,3
DA:58,5
DA:59,2
DA:63,3
DA:65,1
DA:68,2
DA:71,3
DA:72,5
DA:74,5
DA:75,3
DA:76,1
DA:80,5
LF:30
LH:29
BRDA:17,0,0,6
BRDA:17,0,1,6
BRDA:17,1,0,1
BRDA:17,1,1,5
BRDA:22,2,0,0
BRDA:22,2,1,6
BRDA:26,3,0,1
BRDA:26,3,1,5
BRDA:26,4,0,6
BRDA:26,4,1,5
BRDA:31,5,0,4
BRDA:31,5,1,1
BRDA:44,6,0,3
BRDA:44,6,1,21
BRDA:47,7,0,3
BRDA:47,7,1,0
BRDA:58,8,0,2
BRDA:58,8,1,3
BRDA:58,9,0,5
BRDA:58,9,1,2
BRDA:63,10,0,1
BRDA:63,10,1,2
BRDA:65,11,0,1
BRDA:65,11,1,1
BRDA:74,12,0,3
BRDA:74,12,1,2
BRDA:75,13,0,1
BRDA:75,13,1,2
BRF:28
BRH:26
end_of_record
TN:
SF:src/set.js
FN:10,set
FN:20,(anonymous_1)
FNF:2
FNH:2
FNDA:47,set
FNDA:8,(anonymous_1)
DA:3,2
DA:5,2
DA:11,47
DA:12,31
DA:15,47
DA:16,6
DA:19,47
DA:20,8
DA:23,47
DA:24,5
DA:27,47
DA:28,6
DA:31,47
DA:32,41
DA:34,41
DA:36,41
DA:37,1
DA:42,41
DA:44,41
DA:48,41
DA:49,111
DA:51,111
DA:52,41
DA:54,41
DA:55,1
DA:62,110
DA:64,110
DA:65,70
DA:67,70
DA:69,70
DA:70,27
DA:72,43
DA:73,20
DA:75,20
DA:76,2
DA:78,2
DA:80,18
DA:83,23
DA:85,23
DA:86,5
DA:88,5
DA:90,18
DA:95,40
DA:96,30
DA:97,26
DA:99,4
DA:102,10
DA:105,40
DA:110,6
DA:113,2
LF:50
LH:50
BRDA:11,0,0,31
BRDA:11,0,1,16
BRDA:15,1,0,6
BRDA:15,1,1,41
BRDA:19,2,0,4
BRDA:19,2,1,43
BRDA:23,3,0,5
BRDA:23,3,1,42
BRDA:23,4,0,47
BRDA:23,4,1,41
BRDA:23,4,2,5
BRDA:23,4,3,5
BRDA:27,5,0,6
BRDA:27,5,1,41
BRDA:31,6,0,41
BRDA:31,6,1,6
BRDA:36,7,0,1
BRDA:36,7,1,40
BRDA:36,8,0,41
BRDA:36,8,1,36
BRDA:51,9,0,41
BRDA:51,9,1,70
BRDA:54,10,0,1
BRDA:54,10,1,40
BRDA:54,11,0,41
BRDA:54,11,1,5
BRDA:54,11,2,2
BRDA:64,12,0,70
BRDA:64,12,1,40
BRDA:69,13,0,27
BRDA:69,13,1,43
BRDA:69,14,0,70
BRDA:69,14,1,57
BRDA:72,15,0,20
BRDA:72,15,1,23
BRDA:75,16,0,2
BRDA:75,16,1,18
BRDA:85,17,0,5
BRDA:85,17,1,18
BRDA:95,18,0,30
BRDA:95,18,1,10
BRDA:96,19,0,26
BRDA:96,19,1,4
BRF:43
BRH:43
end_of_record
TN:
SF:src/sha256.js
FN:10,(anonymous_0)
FN:22,(anonymous_1)
FNF:2
FNH:1
FNDA:4,(anonymous_0)
FNDA:0,(anonymous_1)
DA:1,3
DA:3,3
DA:7,3
DA:8,3
DA:10,3
DA:11,4
DA:12,0
DA:15,4
DA:17,4
DA:19,4
DA:22,0
DA:23,0
DA:24,0
DA:27,0
DA:31,3
LF:15
LH:10
BRDA:7,0,0,3
BRDA:7,0,1,0
BRDA:11,1,0,0
BRDA:11,1,1,4
BRDA:23,2,0,0
BRDA:23,2,1,0
BRF:6
BRH:2
end_of_record
TN:
SF:src/stringToRegex.js
FN:1,(anonymous_0)
FN:2,th
FN:6,(anonymous_2)
FNF:3
FNH:3
FNDA:2,(anonymous_0)
FNDA:1,th
FNDA:10,(anonymous_2)
DA:1,2
DA:3,1
DA:6,2
DA:7,10
DA:8,10
DA:10,10
DA:11,1
DA:14,9
DA:16,1
DA:21,2
LF:10
LH:10
BRDA:10,0,0,1
BRDA:10,0,1,9
BRF:2
BRH:2
end_of_record
TN:
SF:src/throttlePromises.js
FN:7,(anonymous_0)
FN:19,(anonymous_1)
FN:69,cleanAndReturnNextCleanTimeoutTime
FN:111,triggerScheduled
FN:127,sendScheduled
FN:132,(anonymous_5)
FN:185,(anonymous_6)
FN:270,(anonymous_7)
FN:299,(anonymous_8)
FN:301,(anonymous_9)
FN:307,(anonymous_10)
FN:317,(anonymous_11)
FN:329,(anonymous_12)
FNF:13
FNH:8
FNDA:3,(anonymous_0)
FNDA:1,(anonymous_1)
FNDA:1,cleanAndReturnNextCleanTimeoutTime
FNDA:1,triggerScheduled
FNDA:0,sendScheduled
FNDA:0,(anonymous_5)
FNDA:1,(anonymous_6)
FNDA:0,(anonymous_7)
FNDA:1,(anonymous_8)
FNDA:1,(anonymous_9)
FNDA:1,(anonymous_10)
FNDA:0,(anonymous_11)
FNDA:0,(anonymous_12)
DA:1,2
DA:3,2
DA:7,2
DA:8,3
DA:9,0
DA:12,3
DA:19,2
DA:20,1
DA:27,1
DA:28,0
DA:31,1
DA:32,0
DA:38,1
DA:39,0
DA:46,1
DA:50,1
DA:57,1
DA:65,1
DA:70,1
DA:71,0
DA:74,1
DA:76,1
DA:78,1
DA:82,1
DA:83,0
DA:85,0
DA:86,0
DA:88,0
DA:90,0
DA:92,0
DA:93,0
DA:98,1
DA:100,1
DA:101,0
DA:103,0
DA:104,0
DA:108,1
DA:112,1
DA:114,1
DA:115,0
DA:117,0
DA:118,0
DA:120,0
DA:124,1
DA:128,0
DA:129,0
DA:132,0
DA:133,0
DA:135,0
DA:137,0
DA:139,0
DA:141,0
DA:143,0
DA:144,0
DA:145,0
DA:147,0
DA:149,0
DA:153,0
DA:154,0
DA:156,0
DA:158,0
DA:161,0
DA:163,0
DA:165,0
DA:173,0
DA:175,0
DA:185,1
DA:191,1
DA:192,0
DA:198,1
DA:199,0
DA:204,1
DA:205,0
DA:211,1
DA:212,0
DA:218,1
DA:219,0
DA:221,0
DA:224,1
DA:226,1
DA:228,1
DA:230,1
DA:231,0
DA:233,0
DA:241,0
DA:246,1
DA:247,1
DA:249,1
DA:251,1
DA:256,1
DA:258,1
DA:260,1
DA:270,0
DA:271,0
DA:272,0
DA:275,0
DA:283,0
DA:285,0
DA:287,0
DA:296,1
DA:299,1
DA:301,1
DA:302,1
DA:304,1
DA:308,1
DA:312,1
DA:317,1
DA:318,0
DA:320,0
DA:329,1
DA:330,0
DA:332,0
DA:334,0
DA:343,1
DA:346,2
DA:348,2
LF:116
LH:54
BRDA:8,0,0,0
BRDA:8,0,1,3
BRDA:27,1,0,0
BRDA:27,1,1,1
BRDA:27,2,0,1
BRDA:27,2,1,0
BRDA:31,3,0,0
BRDA:31,3,1,1
BRDA:31,4,0,1
BRDA:31,4,1,1
BRDA:38,5,0,0
BRDA:38,5,1,1
BRDA:38,6,0,1
BRDA:38,6,1,1
BRDA:70,7,0,0
BRDA:70,7,1,1
BRDA:85,8,0,0
BRDA:85,8,1,0
BRDA:92,9,0,0
BRDA:92,9,1,0
BRDA:103,10,0,0
BRDA:103,10,1,0
BRDA:117,11,0,0
BRDA:117,11,1,0
BRDA:128,12,0,0
BRDA:128,12,1,0
BRDA:128,13,0,0
BRDA:128,13,1,0
BRDA:143,14,0,0
BRDA:143,14,1,0
BRDA:147,15,0,0
BRDA:147,15,1,0
BRDA:175,16,0,0
BRDA:175,16,1,0
BRDA:189,17,0,0
BRDA:191,18,0,0
BRDA:191,18,1,1
BRDA:191,19,0,1
BRDA:191,19,1,1
BRDA:198,20,0,0
BRDA:198,20,1,1
BRDA:204,21,0,0
BRDA:204,21,1,1
BRDA:211,22,0,0
BRDA:211,22,1,1
BRDA:218,23,0,0
BRDA:218,23,1,1
BRDA:230,24,0,0
BRDA:230,24,1,1
BRDA:233,25,0,0
BRDA:233,25,1,0
BRDA:246,26,0,1
BRDA:246,26,1,0
BRDA:260,27,0,1
BRDA:260,27,1,1
BRDA:287,28,0,0
BRDA:287,28,1,0
BRDA:320,29,0,0
BRDA:320,29,1,0
BRDA:334,30,0,0
BRDA:334,30,1,0
BRF:61
BRH:21
end_of_record
TN:
SF:src/trim.js
FN:12,trim
FNF:1
FNH:1
FNDA:335,trim
DA:3,5
DA:12,5
DA:13,335
DA:14,1
DA:17,334
DA:18,334
DA:19,334
DA:20,334
DA:25,334
DA:30,334
LF:10
LH:10
BRDA:13,0,0,1
BRDA:13,0,1,334
BRDA:17,1,0,334
BRDA:17,1,1,162
BRDA:18,2,0,334
BRDA:18,2,1,27
BRDA:19,3,0,334
BRDA:19,3,1,27
BRDA:20,4,0,334
BRDA:20,4,1,248
BRDA:25,5,0,334
BRDA:25,5,1,248
BRF:12
BRH:12
end_of_record
TN:
SF:src/unique.js
FN:1,unique
FN:6,(anonymous_1)
FNF:2
FNH:2
FNDA:200000,unique
FNDA:1200000,(anonymous_1)
DA:4,200000
DA:6,200000
DA:7,1200000
DA:8,1200000
DA:9,1200000
DA:13,2
LF:6
LH:6
BRDA:4,0,0,200000
BRDA:4,0,1,200000
BRDA:8,1,0,600000
BRDA:8,1,1,600000
BRF:4
BRH:4
end_of_record
TN:
SF:src/xor.js
FN:4,xor
FNF:1
FNH:1
FNDA:11,xor
DA:5,11
DA:6,1
DA:9,10
DA:10,1
DA:13,9
DA:14,1
DA:17,8
DA:18,8
DA:20,8
DA:21,140
DA:24,8
DA:27,2
LF:12
LH:12
BRDA:5,0,0,1
BRDA:5,0,1,10
BRDA:9,1,0,1
BRDA:9,1,1,9
BRDA:13,2,0,1
BRDA:13,2,1,8
BRF:6
BRH:6
end_of_record
TN:
SF:src/express/console-logger.js
FN:4,(anonymous_0)
FNF:1
FNH:0
FNDA:0,(anonymous_0)
DA:4,1
DA:5,0
DA:14,0
LF:3
LH:1
BRF:0
BRH:0
end_of_record
TN:
SF:src/express/extend-res.js
FN:10,(anonymous_0)
FN:14,(anonymous_1)
FN:23,(anonymous_2)
FN:29,(anonymous_3)
FN:35,(anonymous_4)
FN:86,(anonymous_5)
FNF:6
FNH:0
FNDA:0,(anonymous_0)
FNDA:0,(anonymous_1)
FNDA:0,(anonymous_2)
FNDA:0,(anonymous_3)
FNDA:0,(anonymous_4)
FNDA:0,(anonymous_5)
DA:10,1
DA:11,0
DA:12,0
DA:14,0
DA:15,0
DA:23,0
DA:24,0
DA:29,0
DA:30,0
DA:35,0
DA:36,0
DA:86,0
DA:90,0
DA:92,0
DA:94,0
DA:98,0
LF:16
LH:1
BRDA:11,0,0,0
BRDA:11,0,1,0
BRDA:87,1,0,0
BRDA:88,2,0,0
BRF:4
BRH:0
end_of_record
