TN:
SF:src/CachePromise.js
FN:1,(anonymous_0)
FN:6,CachePromise
FN:24,(anonymous_2)
FN:24,(anonymous_3)
FN:75,(anonymous_4)
FNF:5
FNH:5
FNDA:6,(anonymous_0)
FNDA:16,CachePromise
FNDA:19,(anonymous_2)
FNDA:18,(anonymous_3)
FNDA:1,(anonymous_4)
DA:1,6
DA:7,16
DA:13,16
DA:14,1
DA:17,15
DA:18,2
DA:21,13
DA:24,2
DA:27,19
DA:28,19
DA:30,1
DA:33,18
DA:34,18
DA:35,1
DA:38,17
DA:39,1
DA:42,16
DA:44,16
DA:46,16
DA:47,15
DA:49,15
DA:51,10
DA:56,10
DA:58,1
DA:61,11
DA:63,7
DA:64,1
DA:66,1
DA:69,6
DA:71,6
DA:75,2
DA:76,1
DA:79,2
LF:33
LH:33
BRDA:13,0,0,1
BRDA:13,0,1,15
BRDA:17,1,0,2
BRDA:17,1,1,13
BRDA:24,2,0,19
BRDA:34,3,0,1
BRDA:34,3,1,17
BRDA:38,4,0,1
BRDA:38,4,1,16
BRDA:46,5,0,15
BRDA:46,5,1,1
BRDA:46,6,0,16
BRDA:46,6,1,5
BRDA:63,7,0,1
BRDA:63,7,1,6
BRDA:63,8,0,7
BRDA:63,8,1,2
BRF:17
BRH:17
end_of_record
TN:
SF:src/StackData.js
FN:13,(anonymous_0)
FN:27,getStackTrace
FN:35,now
FN:41,(anonymous_3)
FN:51,(anonymous_4)
FN:67,(anonymous_5)
FN:103,(anonymous_6)
FN:105,gc
FN:112,(anonymous_8)
FN:132,(anonymous_9)
FN:152,(anonymous_10)
FN:169,(anonymous_11)
FN:191,find
FN:194,(anonymous_13)
FN:220,(anonymous_14)
FN:250,(anonymous_15)
FN:298,(anonymous_16)
FN:301,(anonymous_17)
FNF:18
FNH:0
FNDA:0,(anonymous_0)
FNDA:0,getStackTrace
FNDA:0,now
FNDA:0,(anonymous_3)
FNDA:0,(anonymous_4)
FNDA:0,(anonymous_5)
FNDA:0,(anonymous_6)
FNDA:0,gc
FNDA:0,(anonymous_8)
FNDA:0,(anonymous_9)
FNDA:0,(anonymous_10)
FNDA:0,(anonymous_11)
FNDA:0,find
FNDA:0,(anonymous_13)
FNDA:0,(anonymous_14)
FNDA:0,(anonymous_15)
FNDA:0,(anonymous_16)
FNDA:0,(anonymous_17)
DA:13,1
DA:15,1
DA:17,1
DA:19,1
DA:21,1
DA:23,1
DA:25,1
DA:28,0
DA:29,0
DA:31,0
DA:36,0
DA:39,1
DA:41,1
DA:42,0
DA:43,0
DA:46,0
DA:48,0
DA:51,1
DA:52,0
DA:54,0
DA:57,1
DA:65,1
DA:67,1
DA:68,0
DA:69,0
DA:71,0
DA:81,0
DA:82,0
DA:84,0
DA:87,0
DA:88,0
DA:91,0
DA:92,0
DA:95,0
DA:96,0
DA:99,0
DA:100,0
DA:103,0
DA:104,0
DA:105,0
DA:106,0
DA:107,0
DA:110,0
DA:112,0
DA:115,0
DA:116,0
DA:123,0
DA:132,0
DA:133,0
DA:134,0
DA:135,0
DA:142,0
DA:144,0
DA:146,0
DA:150,0
DA:152,0
DA:153,0
DA:157,0
DA:162,0
DA:166,0
DA:169,0
DA:170,0
DA:171,0
DA:173,0
DA:174,0
DA:176,0
DA:179,0
DA:183,0
DA:184,0
DA:186,0
DA:189,0
DA:192,0
DA:195,0
DA:197,0
DA:198,0
DA:200,0
DA:201,0
DA:203,0
DA:204,0
DA:206,0
DA:207,0
DA:210,0
DA:215,0
DA:220,0
DA:223,0
DA:224,0
DA:226,0
DA:229,0
DA:230,0
DA:233,0
DA:238,0
DA:240,0
DA:243,0
DA:249,0
DA:251,0
DA:258,0
DA:259,0
DA:260,0
DA:261,0
DA:262,0
DA:266,0
DA:267,0
DA:270,0
DA:275,0
DA:277,0
DA:280,0
DA:283,0
DA:288,0
DA:290,0
DA:299,0
DA:302,0
DA:306,0
LF:112
LH:13
BRDA:42,0,0,0
BRDA:42,0,1,0
BRDA:81,1,0,0
BRDA:81,1,1,0
BRDA:87,2,0,0
BRDA:87,2,1,0
BRDA:91,3,0,0
BRDA:91,3,1,0
BRDA:95,4,0,0
BRDA:95,4,1,0
BRDA:99,5,0,0
BRDA:99,5,1,0
BRDA:106,6,0,0
BRDA:106,6,1,0
BRDA:116,7,0,0
BRDA:116,7,1,0
BRDA:134,8,0,0
BRDA:134,8,1,0
BRDA:169,9,0,0
BRDA:170,10,0,0
BRDA:170,10,1,0
BRDA:173,11,0,0
BRDA:173,11,1,0
BRDA:183,12,0,0
BRDA:183,12,1,0
BRDA:197,13,0,0
BRDA:197,13,1,0
BRDA:200,14,0,0
BRDA:200,14,1,0
BRDA:203,15,0,0
BRDA:203,15,1,0
BRDA:223,16,0,0
BRDA:223,16,1,0
BRDA:229,17,0,0
BRDA:229,17,1,0
BRDA:230,18,0,0
BRDA:230,18,1,0
BRDA:240,19,0,0
BRDA:240,19,1,0
BRDA:258,20,0,0
BRDA:258,20,1,0
BRDA:259,21,0,0
BRDA:259,21,1,0
BRDA:261,22,0,0
BRDA:261,22,1,0
BRDA:266,23,0,0
BRDA:266,23,1,0
BRDA:267,24,0,0
BRDA:267,24,1,0
BRDA:277,25,0,0
BRDA:277,25,1,0
BRDA:280,26,0,0
BRDA:280,26,1,0
BRDA:290,27,0,0
BRDA:290,27,1,0
BRF:55
BRH:0
end_of_record
TN:
SF:src/aes256.js
FN:12,(anonymous_0)
FN:16,(anonymous_1)
FN:23,(anonymous_2)
FNF:3
FNH:3
FNDA:2,(anonymous_0)
FNDA:2,(anonymous_1)
FNDA:2,(anonymous_2)
DA:1,2
DA:3,2
DA:5,2
DA:12,2
DA:13,2
DA:15,2
DA:17,2
DA:18,2
DA:19,2
DA:20,2
DA:21,2
DA:24,2
DA:25,2
DA:26,2
DA:27,2
DA:28,2
DA:29,2
DA:30,2
LF:18
LH:18
BRF:0
BRH:0
end_of_record
TN:
SF:src/all.js
FN:1,(anonymous_0)
FN:2,(anonymous_1)
FN:6,(anonymous_2)
FN:17,(anonymous_3)
FN:17,(anonymous_4)
FN:25,(anonymous_5)
FN:25,(anonymous_6)
FNF:7
FNH:1
FNDA:1,(anonymous_0)
FNDA:0,(anonymous_1)
FNDA:0,(anonymous_2)
FNDA:0,(anonymous_3)
FNDA:0,(anonymous_4)
FNDA:0,(anonymous_5)
FNDA:0,(anonymous_6)
DA:1,1
DA:2,1
DA:3,0
DA:6,1
DA:7,0
DA:8,0
DA:11,0
DA:12,0
DA:15,0
DA:17,0
DA:18,0
DA:19,0
DA:22,0
DA:24,0
DA:25,0
DA:28,0
DA:33,1
LF:17
LH:4
BRDA:7,0,0,0
BRDA:7,0,1,0
BRDA:11,1,0,0
BRDA:11,1,1,0
BRDA:18,2,0,0
BRDA:18,2,1,0
BRDA:24,3,0,0
BRDA:24,3,1,0
BRF:8
BRH:0
end_of_record
TN:
SF:src/alphaid.js
FN:6,(anonymous_0)
FN:7,(anonymous_1)
FN:9,reverseString
FN:13,(anonymous_3)
FN:29,(anonymous_4)
FN:55,(anonymous_5)
FN:79,(anonymous_6)
FNF:7
FNH:6
FNDA:2,(anonymous_0)
FNDA:0,(anonymous_1)
FNDA:107,reverseString
FNDA:8,(anonymous_3)
FNDA:87,(anonymous_4)
FNDA:20,(anonymous_5)
FNDA:8,(anonymous_6)
DA:1,2
DA:6,2
DA:7,2
DA:10,107
DA:13,2
DA:14,8
DA:15,0
DA:18,8
DA:20,8
DA:21,0
DA:24,8
DA:26,8
DA:29,2
DA:30,87
DA:31,0
DA:34,87
DA:36,87
DA:38,87
DA:40,87
DA:41,138
DA:43,138
DA:45,138
DA:48,87
DA:49,82
DA:52,87
DA:55,2
DA:56,20
DA:57,0
DA:60,20
DA:62,20
DA:64,20
DA:66,20
DA:68,20
DA:70,20
DA:71,75
DA:73,75
DA:76,20
DA:79,2
DA:80,8
DA:82,0
DA:88,8
DA:92,2
LF:42
LH:37
BRDA:14,0,0,0
BRDA:14,0,1,8
BRDA:20,1,0,0
BRDA:20,1,1,8
BRDA:30,2,0,0
BRDA:30,2,1,87
BRDA:48,3,0,82
BRDA:48,3,1,5
BRDA:52,4,0,87
BRDA:52,4,1,5
BRDA:56,5,0,0
BRDA:56,5,1,20
BRDA:80,6,0,0
BRDA:80,6,1,8
BRDA:80,7,0,8
BRDA:80,7,1,8
BRF:16
BRH:11
end_of_record
TN:
SF:src/asyncExit.js
FN:1,now
FN:5,(anonymous_1)
FN:6,(anonymous_2)
FN:11,(anonymous_3)
FN:37,onExit
FN:49,(anonymous_5)
FN:76,(anonymous_6)
FN:92,(anonymous_7)
FNF:8
FNH:1
FNDA:0,now
FNDA:1,(anonymous_1)
FNDA:0,(anonymous_2)
FNDA:0,(anonymous_3)
FNDA:0,onExit
FNDA:0,(anonymous_5)
FNDA:0,(anonymous_6)
FNDA:0,(anonymous_7)
DA:2,0
DA:5,1
DA:6,1
DA:9,1
DA:11,1
DA:12,0
DA:13,0
DA:16,0
DA:18,0
DA:35,0
DA:38,0
DA:39,0
DA:42,0
DA:44,0
DA:48,0
DA:49,0
DA:50,0
DA:52,0
DA:56,0
DA:59,0
DA:62,0
DA:63,0
DA:65,0
DA:68,0
DA:70,0
DA:72,0
DA:75,0
DA:76,0
DA:92,0
DA:95,0
LF:30
LH:4
BRDA:12,0,0,0
BRDA:12,0,1,0
BRDA:38,1,0,0
BRDA:38,1,1,0
BRDA:44,2,0,0
BRDA:44,2,1,0
BRDA:48,3,0,0
BRDA:48,3,1,0
BRDA:50,4,0,0
BRDA:50,4,1,0
BRDA:56,5,0,0
BRDA:56,5,1,0
BRDA:65,6,0,0
BRDA:65,6,1,0
BRDA:70,7,0,0
BRDA:70,7,1,0
BRDA:72,8,0,0
BRDA:72,8,1,0
BRDA:75,9,0,0
BRDA:75,9,1,0
BRF:20
BRH:0
end_of_record
TN:
SF:src/cachePromiseIntervalSeed.js
FN:38,(anonymous_0)
FN:40,(anonymous_1)
FN:42,(anonymous_2)
FN:46,(anonymous_3)
FN:59,(anonymous_4)
FN:119,(anonymous_5)
FN:120,(anonymous_6)
FN:151,(anonymous_7)
FN:178,(anonymous_8)
FNF:9
FNH:0
FNDA:0,(anonymous_0)
FNDA:0,(anonymous_1)
FNDA:0,(anonymous_2)
FNDA:0,(anonymous_3)
FNDA:0,(anonymous_4)
FNDA:0,(anonymous_5)
FNDA:0,(anonymous_6)
FNDA:0,(anonymous_7)
FNDA:0,(anonymous_8)
DA:30,1
DA:32,1
DA:34,1
DA:36,1
DA:38,1
DA:40,1
DA:42,1
DA:44,1
DA:46,1
DA:47,0
DA:48,0
DA:51,0
DA:52,0
DA:55,0
DA:56,0
DA:59,0
DA:60,0
DA:70,0
DA:71,0
DA:74,0
DA:76,0
DA:77,0
DA:84,0
DA:85,0
DA:86,0
DA:89,0
DA:90,0
DA:93,0
DA:94,0
DA:97,0
DA:98,0
DA:99,0
DA:102,0
DA:103,0
DA:107,0
DA:109,0
DA:111,0
DA:113,0
DA:114,0
DA:116,0
DA:118,0
DA:120,0
DA:121,0
DA:122,0
DA:124,0
DA:126,0
DA:130,0
DA:143,0
DA:146,0
DA:150,0
DA:152,0
DA:154,0
DA:156,0
DA:158,0
DA:160,0
DA:161,0
DA:163,0
DA:165,0
DA:167,0
DA:169,0
DA:172,0
DA:174,0
DA:176,0
DA:179,0
DA:193,0
DA:194,0
DA:195,0
DA:197,0
DA:200,0
DA:204,0
DA:217,0
DA:218,0
DA:219,0
DA:221,0
DA:224,0
DA:230,1
LF:76
LH:10
BRDA:47,0,0,0
BRDA:47,0,1,0
BRDA:51,1,0,0
BRDA:51,1,1,0
BRDA:55,2,0,0
BRDA:55,2,1,0
BRDA:59,3,0,0
BRDA:70,4,0,0
BRDA:70,4,1,0
BRDA:76,5,0,0
BRDA:76,5,1,0
BRDA:85,6,0,0
BRDA:85,6,1,0
BRDA:89,7,0,0
BRDA:89,7,1,0
BRDA:93,8,0,0
BRDA:93,8,1,0
BRDA:97,9,0,0
BRDA:97,9,1,0
BRDA:98,10,0,0
BRDA:98,10,1,0
BRDA:102,11,0,0
BRDA:102,11,1,0
BRDA:113,12,0,0
BRDA:113,12,1,0
BRDA:118,13,0,0
BRDA:118,13,1,0
BRDA:130,14,0,0
BRDA:130,14,1,0
BRDA:160,15,0,0
BRDA:160,15,1,0
BRDA:179,16,0,0
BRDA:179,16,1,0
BRDA:193,17,0,0
BRDA:193,17,1,0
BRDA:193,18,0,0
BRDA:193,18,1,0
BRDA:194,19,0,0
BRDA:194,19,1,0
BRDA:204,20,0,0
BRDA:204,20,1,0
BRDA:217,21,0,0
BRDA:217,21,1,0
BRDA:218,22,0,0
BRDA:218,22,1,0
BRF:45
BRH:0
end_of_record
TN:
SF:src/colors.js
FN:11,(anonymous_0)
FN:13,(anonymous_1)
FN:17,(anonymous_2)
FN:62,(anonymous_3)
FN:63,(anonymous_4)
FN:66,(anonymous_5)
FN:68,(anonymous_6)
FN:69,(anonymous_7)
FNF:8
FNH:2
FNDA:0,(anonymous_0)
FNDA:0,(anonymous_1)
FNDA:0,(anonymous_2)
FNDA:1,(anonymous_3)
FNDA:0,(anonymous_4)
FNDA:0,(anonymous_5)
FNDA:29,(anonymous_6)
FNDA:0,(anonymous_7)
DA:6,1
DA:10,1
DA:11,1
DA:13,0
DA:14,0
DA:15,0
DA:17,0
DA:29,1
DA:62,1
DA:63,1
DA:66,1
DA:68,1
DA:69,29
DA:72,1
LF:14
LH:10
BRDA:10,0,0,1
BRDA:10,0,1,0
BRF:2
BRH:1
end_of_record
TN:
SF:src/combineReducers.js
FN:4,(anonymous_0)
FN:5,(anonymous_1)
FN:6,(anonymous_2)
FNF:3
FNH:0
FNDA:0,(anonymous_0)
FNDA:0,(anonymous_1)
FNDA:0,(anonymous_2)
DA:4,1
DA:5,0
DA:6,0
DA:7,0
DA:8,0
DA:13,1
LF:6
LH:2
BRDA:5,0,0,0
BRF:1
BRH:0
end_of_record
TN:
SF:src/curry.js
FN:1,(anonymous_0)
FN:8,(anonymous_1)
FNF:2
FNH:2
FNDA:5,(anonymous_0)
FNDA:8,(anonymous_1)
DA:1,2
DA:2,5
DA:3,1
DA:6,4
DA:8,4
DA:9,8
DA:11,8
DA:12,4
DA:15,4
DA:18,4
LF:10
LH:10
BRDA:2,0,0,1
BRDA:2,0,1,4
BRDA:11,1,0,4
BRDA:11,1,1,4
BRF:4
BRH:4
end_of_record
TN:
SF:src/del.js
FN:8,(anonymous_0)
FN:24,(anonymous_1)
FNF:2
FNH:2
FNDA:7,(anonymous_0)
FNDA:22,(anonymous_1)
DA:3,2
DA:8,2
DA:12,7
DA:13,1
DA:16,6
DA:17,4
DA:20,6
DA:21,1
DA:24,6
DA:25,22
DA:26,1
DA:30,5
DA:33,5
DA:34,5
DA:35,18
DA:36,14
DA:38,4
DA:39,1
DA:41,3
DA:44,4
DA:52,2
LF:21
LH:21
BRDA:12,0,0,1
BRDA:12,0,1,6
BRDA:12,1,0,7
BRDA:12,1,1,2
BRDA:16,2,0,4
BRDA:16,2,1,2
BRDA:16,3,0,6
BRDA:16,3,1,5
BRDA:20,4,0,1
BRDA:20,4,1,5
BRDA:25,5,0,1
BRDA:25,5,1,21
BRDA:35,6,0,14
BRDA:35,6,1,4
BRDA:38,7,0,1
BRDA:38,7,1,3
BRF:16
BRH:16
end_of_record
TN:
SF:src/delay.js
FN:42,(anonymous_0)
FN:42,(anonymous_1)
FN:55,(anonymous_2)
FN:55,(anonymous_3)
FN:72,(anonymous_4)
FN:72,(anonymous_5)
FN:72,(anonymous_6)
FNF:7
FNH:7
FNDA:17,(anonymous_0)
FNDA:17,(anonymous_1)
FNDA:6,(anonymous_2)
FNDA:6,(anonymous_3)
FNDA:4,(anonymous_4)
FNDA:2,(anonymous_5)
FNDA:2,(anonymous_6)
DA:42,17
DA:55,6
DA:72,5
DA:74,5
DA:76,5
DA:78,5
LF:6
LH:6
BRDA:42,0,0,15
BRDA:42,0,1,2
BRDA:55,1,0,4
BRDA:55,1,1,2
BRF:4
BRH:4
end_of_record
TN:
SF:src/each.js
FN:7,each
FNF:1
FNH:1
FNDA:32,each
DA:3,3
DA:5,3
DA:8,32
DA:9,6
DA:10,17
DA:11,1
DA:15,26
DA:16,25
DA:17,45
DA:18,43
DA:19,1
DA:26,3
LF:12
LH:12
BRDA:8,0,0,6
BRDA:8,0,1,26
BRDA:10,1,0,1
BRDA:10,1,1,16
BRDA:15,2,0,25
BRDA:15,2,1,1
BRDA:17,3,0,43
BRDA:17,3,1,2
BRDA:18,4,0,1
BRDA:18,4,1,42
BRF:10
BRH:10
end_of_record
TN:
SF:src/flat.js
FN:7,flat
FN:14,(anonymous_1)
FN:18,(anonymous_2)
FNF:3
FNH:3
FNDA:29,flat
FNDA:46,(anonymous_1)
FNDA:42,(anonymous_2)
DA:1,2
DA:3,2
DA:5,2
DA:8,29
DA:9,1
DA:12,28
DA:14,28
DA:15,46
DA:16,22
DA:18,22
DA:19,42
DA:21,42
DA:24,22
DA:29,24
DA:33,28
DA:36,2
LF:16
LH:16
BRDA:8,0,0,1
BRDA:8,0,1,28
BRDA:8,1,0,29
BRDA:8,1,1,3
BRDA:15,2,0,22
BRDA:15,2,1,24
BRDA:15,3,0,46
BRDA:15,3,1,38
BRDA:15,3,2,42
BRF:9
BRH:9
end_of_record
TN:
SF:src/generateCurl.js
FN:1,(anonymous_0)
FN:2,(anonymous_1)
FN:4,isObject
FN:8,slashParenthesis
FN:15,(anonymous_4)
FNF:5
FNH:5
FNDA:2,(anonymous_0)
FNDA:3,(anonymous_1)
FNDA:11,isObject
FNDA:6,slashParenthesis
FNDA:10,(anonymous_4)
DA:1,2
DA:2,3
DA:5,11
DA:9,6
DA:10,1
DA:12,5
DA:15,2
DA:16,10
DA:21,10
DA:22,1
DA:25,9
DA:27,9
DA:28,2
DA:30,2
DA:33,9
DA:34,6
DA:35,1
DA:38,5
DA:39,4
DA:40,7
DA:41,6
DA:47,8
DA:48,5
DA:49,3
DA:51,5
DA:52,4
DA:54,1
DA:60,7
DA:62,7
DA:64,7
DA:68,2
LF:31
LH:31
BRDA:9,0,0,1
BRDA:9,0,1,5
BRDA:21,1,0,1
BRDA:21,1,1,9
BRDA:21,2,0,10
BRDA:21,2,1,9
BRDA:27,3,0,2
BRDA:27,3,1,7
BRDA:27,4,0,9
BRDA:27,4,1,2
BRDA:33,5,0,6
BRDA:33,5,1,3
BRDA:34,6,0,1
BRDA:34,6,1,5
BRDA:38,7,0,4
BRDA:38,7,1,1
BRDA:40,8,0,6
BRDA:40,8,1,1
BRDA:40,9,0,7
BRDA:40,9,1,7
BRDA:40,9,2,7
BRDA:40,9,3,6
BRDA:47,10,0,5
BRDA:47,10,1,3
BRDA:48,11,0,3
BRDA:48,11,1,2
BRDA:48,12,0,5
BRDA:48,12,1,2
BRDA:49,13,0,2
BRDA:49,13,1,1
BRDA:51,14,0,4
BRDA:51,14,1,1
BRDA:62,15,0,2
BRDA:62,15,1,5
BRF:34
BRH:34
end_of_record
TN:
SF:src/generateSalt.js
FN:1,(anonymous_0)
FN:4,th
FN:8,(anonymous_2)
FNF:3
FNH:3
FNDA:2,(anonymous_0)
FNDA:2,th
FNDA:4,(anonymous_2)
DA:1,2
DA:2,2
DA:5,2
DA:8,2
DA:9,4
DA:10,1
DA:13,4
DA:14,1
DA:17,3
DA:18,1
DA:21,2
DA:28,2
LF:12
LH:12
BRDA:9,0,0,1
BRDA:9,0,1,3
BRDA:13,1,0,1
BRDA:13,1,1,3
BRDA:17,2,0,1
BRDA:17,2,1,2
BRF:6
BRH:6
end_of_record
TN:
SF:src/get.js
FN:14,(anonymous_0)
FNF:1
FNH:1
FNDA:12,(anonymous_0)
DA:3,3
DA:14,3
DA:18,12
DA:19,3
DA:22,9
DA:23,3
DA:26,9
DA:27,6
DA:30,9
DA:33,9
DA:34,13
DA:35,13
DA:36,5
DA:38,8
DA:39,4
DA:42,3
DA:45,2
DA:50,3
LF:18
LH:18
BRDA:18,0,0,3
BRDA:18,0,1,9
BRDA:22,1,0,3
BRDA:22,1,1,6
BRDA:22,2,0,9
BRDA:22,2,1,9
BRDA:26,3,0,6
BRDA:26,3,1,3
BRDA:35,4,0,5
BRDA:35,4,1,8
BRDA:38,5,0,4
BRDA:38,5,1,3
BRF:12
BRH:12
end_of_record
TN:
SF:src/getUserAgent.js
FN:26,(anonymous_0)
FNF:1
FNH:0
FNDA:0,(anonymous_0)
DA:1,1
DA:26,1
DA:27,0
DA:31,0
DA:32,0
DA:33,0
DA:34,0
DA:37,0
DA:38,0
DA:41,0
DA:44,0
DA:46,0
DA:49,0
LF:13
LH:2
BRDA:32,0,0,0
BRDA:32,0,1,0
BRDA:33,1,0,0
BRDA:33,1,1,0
BRDA:37,2,0,0
BRDA:37,2,1,0
BRF:6
BRH:0
end_of_record
TN:
SF:src/incrementSlug.js
FN:6,(anonymous_0)
FNF:1
FNH:1
FNDA:708,(anonymous_0)
DA:1,2
DA:6,2
DA:7,708
DA:8,1
DA:11,707
DA:12,1
DA:15,706
DA:16,1
DA:19,705
DA:20,2
DA:23,703
DA:25,703
DA:27,703
DA:29,703
DA:30,699
DA:31,1
DA:34,698
DA:37,4
DA:40,2
LF:19
LH:19
BRDA:6,0,0,305
BRDA:7,1,0,1
BRDA:7,1,1,707
BRDA:11,2,0,1
BRDA:11,2,1,706
BRDA:15,3,0,1
BRDA:15,3,1,705
BRDA:19,4,0,2
BRDA:19,4,1,703
BRDA:29,5,0,699
BRDA:29,5,1,4
BRDA:30,6,0,1
BRDA:30,6,1,698
BRF:13
BRH:13
end_of_record
TN:
SF:src/isArray.js
FN:28,isArray
FN:31,(anonymous_1)
FNF:2
FNH:2
FNDA:357,isArray
FNDA:42,(anonymous_1)
DA:30,357
DA:31,1
DA:32,42
DA:36,357
DA:39,8
LF:5
LH:5
BRDA:30,0,0,1
BRDA:30,0,1,356
BRF:2
BRH:2
end_of_record
TN:
SF:src/isAsyncFunction.js
FN:20,isAsyncFunction
FNF:1
FNH:1
FNDA:18,isAsyncFunction
DA:21,18
DA:22,18
DA:25,3
DA:28,2
LF:4
LH:4
BRF:0
BRH:0
end_of_record
TN:
SF:src/isDate.js
FN:5,isDate
FNF:1
FNH:1
FNDA:18,isDate
DA:6,18
DA:9,3
LF:2
LH:2
BRF:0
BRH:0
end_of_record
TN:
SF:src/isGoogleChrome.js
FN:11,(anonymous_0)
FNF:1
FNH:0
FNDA:0,(anonymous_0)
DA:1,1
DA:11,1
DA:12,0
DA:14,0
LF:4
LH:2
BRDA:14,0,0,0
BRDA:14,0,1,0
BRDA:14,0,2,0
BRF:3
BRH:0
end_of_record
TN:
SF:src/isNode.js
FNF:0
FNH:0
DA:4,3
LF:1
LH:1
BRDA:4,0,0,3
BRDA:4,0,1,3
BRF:2
BRH:2
end_of_record
TN:
SF:src/isObject.js
FN:42,isObject
FNF:1
FNH:1
FNDA:284,isObject
DA:43,284
DA:46,7
LF:2
LH:2
BRF:0
BRH:0
end_of_record
TN:
SF:src/lcstorage.js
FN:6,(anonymous_0)
FN:17,(anonymous_1)
FN:38,(anonymous_2)
FN:57,(anonymous_3)
FN:68,(anonymous_4)
FN:79,(anonymous_5)
FN:107,error
FNF:7
FNH:0
FNDA:0,(anonymous_0)
FNDA:0,(anonymous_1)
FNDA:0,(anonymous_2)
FNDA:0,(anonymous_3)
FNDA:0,(anonymous_4)
FNDA:0,(anonymous_5)
FNDA:0,error
DA:1,1
DA:3,1
DA:5,1
DA:7,0
DA:8,0
DA:9,0
DA:11,0
DA:15,0
DA:18,0
DA:19,0
DA:20,0
DA:22,0
DA:23,0
DA:26,0
DA:27,0
DA:29,0
DA:32,0
DA:36,0
DA:39,0
DA:40,0
DA:43,0
DA:44,0
DA:47,0
DA:48,0
DA:49,0
DA:51,0
DA:55,0
DA:58,0
DA:59,0
DA:60,0
DA:62,0
DA:66,0
DA:69,0
DA:70,0
DA:71,0
DA:73,0
DA:77,0
DA:80,0
DA:81,0
DA:82,0
DA:84,0
DA:85,0
DA:87,0
DA:88,0
DA:90,0
DA:91,0
DA:96,0
DA:98,0
DA:102,0
DA:108,0
DA:110,0
DA:112,0
DA:113,0
DA:116,0
LF:54
LH:3
BRDA:6,0,0,0
BRDA:7,1,0,0
BRDA:7,1,1,0
BRDA:17,2,0,0
BRDA:18,3,0,0
BRDA:18,3,1,0
BRDA:22,4,0,0
BRDA:22,4,1,0
BRDA:38,5,0,0
BRDA:39,6,0,0
BRDA:39,6,1,0
BRDA:43,7,0,0
BRDA:43,7,1,0
BRDA:47,8,0,0
BRDA:47,8,1,0
BRDA:57,9,0,0
BRDA:58,10,0,0
BRDA:58,10,1,0
BRDA:68,11,0,0
BRDA:69,12,0,0
BRDA:69,12,1,0
BRDA:79,13,0,0
BRDA:79,14,0,0
BRDA:80,15,0,0
BRDA:80,15,1,0
BRDA:87,16,0,0
BRDA:87,16,1,0
BRDA:90,17,0,0
BRDA:90,17,1,0
BRDA:112,18,0,0
BRDA:112,18,1,0
BRDA:116,19,0,0
BRDA:116,19,1,0
BRDA:116,19,2,0
BRDA:116,19,3,0
BRF:35
BRH:0
end_of_record
TN:
SF:src/lightFetch.js
FN:15,(anonymous_0)
FN:32,(anonymous_1)
FN:58,(anonymous_2)
FN:59,(anonymous_3)
FN:98,(anonymous_4)
FN:104,(anonymous_5)
FN:162,(anonymous_6)
FN:167,(anonymous_7)
FN:171,(anonymous_8)
FN:228,(anonymous_9)
FN:231,(anonymous_10)
FN:246,(anonymous_11)
FN:257,isObject
FN:261,unique
FN:263,(anonymous_14)
FNF:15
FNH:15
FNDA:14,(anonymous_0)
FNDA:11,(anonymous_1)
FNDA:23,(anonymous_2)
FNDA:30,(anonymous_3)
FNDA:20,(anonymous_4)
FNDA:2,(anonymous_5)
FNDA:15,(anonymous_6)
FNDA:18,(anonymous_7)
FNDA:15,(anonymous_8)
FNDA:17,(anonymous_9)
FNDA:1,(anonymous_10)
FNDA:2,(anonymous_11)
FNDA:18,isObject
FNDA:20,unique
FNDA:120,(anonymous_14)
DA:3,2
DA:5,2
DA:7,2
DA:11,2
DA:13,2
DA:15,14
DA:17,2
DA:33,11
DA:56,2
DA:58,2
DA:59,23
DA:60,30
DA:61,1
DA:77,22
DA:82,22
DA:83,1
DA:86,21
DA:87,1
DA:90,21
DA:91,1
DA:94,20
DA:96,20
DA:98,20
DA:99,20
DA:100,20
DA:102,19
DA:104,19
DA:105,2
DA:106,2
DA:109,19
DA:114,19
DA:118,19
DA:120,19
DA:121,1
DA:125,18
DA:126,4
DA:127,4
DA:129,1
DA:131,1
DA:134,3
DA:137,17
DA:145,17
DA:150,17
DA:151,2
DA:153,2
DA:156,17
DA:157,2
DA:162,17
DA:163,15
DA:165,15
DA:167,15
DA:168,18
DA:171,15
DA:172,15
DA:173,15
DA:178,6
DA:179,6
DA:181,2
DA:183,2
DA:184,0
DA:187,2
DA:191,13
DA:192,1
DA:194,1
DA:197,11
DA:202,11
DA:207,11
DA:208,10
DA:211,11
DA:212,1
DA:215,11
DA:216,1
DA:219,11
DA:221,1
DA:223,1
DA:228,17
DA:229,17
DA:231,17
DA:234,1
DA:235,1
DA:237,0
DA:238,0
DA:242,1
DA:246,17
DA:248,17
DA:250,17
DA:252,2
DA:258,18
DA:262,20
DA:263,20
DA:264,120
DA:265,120
DA:266,120
LF:93
LH:90
BRDA:33,0,0,11
BRDA:33,0,1,11
BRDA:58,1,0,4
BRDA:59,2,0,23
BRDA:59,2,1,1
BRDA:60,3,0,1
BRDA:60,3,1,29
BRDA:82,4,0,1
BRDA:82,4,1,21
BRDA:86,5,0,1
BRDA:86,5,1,20
BRDA:90,6,0,1
BRDA:90,6,1,20
BRDA:102,7,0,1
BRDA:102,7,1,18
BRDA:120,8,0,1
BRDA:120,8,1,18
BRDA:120,9,0,19
BRDA:120,9,1,5
BRDA:125,10,0,4
BRDA:125,10,1,14
BRDA:125,11,0,18
BRDA:125,11,1,14
BRDA:139,12,0,17
BRDA:139,12,1,1
BRDA:139,13,0,1
BRDA:139,13,1,0
BRDA:140,14,0,1
BRDA:140,14,1,16
BRDA:150,15,0,2
BRDA:150,15,1,15
BRDA:156,16,0,2
BRDA:156,16,1,15
BRDA:173,17,0,6
BRDA:173,17,1,9
BRDA:174,18,0,15
BRDA:174,18,1,9
BRDA:174,18,2,9
BRDA:176,19,0,9
BRDA:176,19,1,9
BRDA:183,20,0,0
BRDA:183,20,1,2
BRDA:191,21,0,1
BRDA:191,21,1,11
BRDA:207,22,0,10
BRDA:207,22,1,1
BRDA:211,23,0,1
BRDA:211,23,1,10
BRDA:215,24,0,1
BRDA:215,24,1,10
BRDA:248,25,0,17
BRDA:248,25,1,3
BRDA:262,26,0,20
BRDA:262,26,1,20
BRDA:265,27,0,60
BRDA:265,27,1,60
BRF:56
BRH:54
end_of_record
TN:
SF:src/manipulation.js
FN:4,(anonymous_0)
FN:7,(anonymous_1)
FN:11,(anonymous_2)
FN:15,(anonymous_3)
FN:19,(anonymous_4)
FN:23,(anonymous_5)
FNF:6
FNH:0
FNDA:0,(anonymous_0)
FNDA:0,(anonymous_1)
FNDA:0,(anonymous_2)
FNDA:0,(anonymous_3)
FNDA:0,(anonymous_4)
FNDA:0,(anonymous_5)
DA:1,1
DA:5,0
DA:8,0
DA:9,0
DA:12,0
DA:13,0
DA:16,0
DA:17,0
DA:20,0
DA:21,0
DA:24,0
DA:25,0
DA:27,0
DA:31,1
LF:14
LH:2
BRF:0
BRH:0
end_of_record
TN:
SF:src/md5.js
FN:10,md5
FN:25,(anonymous_1)
FN:37,(anonymous_2)
FNF:3
FNH:0
FNDA:0,md5
FNDA:0,(anonymous_1)
FNDA:0,(anonymous_2)
DA:8,1
DA:11,0
DA:14,1
DA:16,1
DA:17,0
DA:19,0
DA:23,0
DA:25,0
DA:26,0
DA:27,0
DA:30,0
DA:31,0
DA:33,0
DA:37,0
DA:38,0
LF:15
LH:3
BRDA:16,0,0,0
BRDA:16,0,1,1
BRDA:26,1,0,0
BRDA:26,1,1,0
BRDA:30,2,0,0
BRDA:30,2,1,0
BRF:6
BRH:1
end_of_record
TN:
SF:src/ms.js
FN:4,th
FN:30,(anonymous_1)
FN:35,ms
FN:54,(anonymous_3)
FN:67,raw
FN:108,generate
FN:119,(anonymous_6)
FN:129,(anonymous_7)
FN:140,(anonymous_8)
FNF:9
FNH:9
FNDA:6,th
FNDA:12,(anonymous_1)
FNDA:11,ms
FNDA:48,(anonymous_3)
FNDA:22,raw
FNDA:40,generate
FNDA:157,(anonymous_6)
FNDA:377,(anonymous_7)
FNDA:18,(anonymous_8)
DA:5,6
DA:8,2
DA:17,2
DA:26,2
DA:28,2
DA:30,2
DA:31,12
DA:32,12
DA:36,11
DA:37,2
DA:42,11
DA:49,11
DA:51,11
DA:53,8
DA:55,48
DA:56,39
DA:59,48
DA:68,22
DA:69,10
DA:72,22
DA:73,3
DA:76,19
DA:77,2
DA:80,17
DA:89,17
DA:93,17
DA:94,100
DA:96,100
DA:98,100
DA:100,100
DA:102,100
DA:105,17
DA:109,40
DA:110,32
DA:113,40
DA:114,1
DA:117,39
DA:119,39
DA:120,157
DA:121,30
DA:123,30
DA:126,127
DA:127,124
DA:129,124
DA:130,377
DA:133,124
DA:135,124
DA:139,39
DA:140,6
DA:141,18
DA:145,39
DA:148,2
DA:150,2
DA:152,2
DA:154,2
DA:156,2
LF:56
LH:56
BRDA:36,0,0,2
BRDA:36,0,1,9
BRDA:49,1,0,11
BRDA:49,1,1,10
BRDA:55,2,0,39
BRDA:55,2,1,9
BRDA:68,3,0,10
BRDA:68,3,1,12
BRDA:72,4,0,3
BRDA:72,4,1,19
BRDA:76,5,0,2
BRDA:76,5,1,17
BRDA:109,6,0,32
BRDA:109,6,1,8
BRDA:113,7,0,1
BRDA:113,7,1,39
BRDA:120,8,0,30
BRDA:120,8,1,127
BRDA:126,9,0,124
BRDA:126,9,1,3
BRDA:139,10,0,6
BRDA:139,10,1,33
BRF:22
BRH:22
end_of_record
TN:
SF:src/negotiatePort.js
FN:5,(anonymous_0)
FN:10,(anonymous_1)
FNF:2
FNH:2
FNDA:3,(anonymous_0)
FNDA:32,(anonymous_1)
DA:3,2
DA:5,3
DA:10,2
DA:11,32
DA:12,1
DA:15,31
DA:17,31
DA:19,31
DA:20,1
DA:23,30
DA:24,2
DA:27,28
DA:28,1
DA:31,27
DA:32,1
DA:35,26
DA:37,26
DA:39,26
DA:40,17
DA:41,7
DA:44,9
DA:45,4
DA:49,26
DA:50,11
DA:51,6
DA:55,20
DA:58,2
LF:27
LH:27
BRDA:11,0,0,1
BRDA:11,0,1,31
BRDA:19,1,0,1
BRDA:19,1,1,30
BRDA:23,2,0,2
BRDA:23,2,1,28
BRDA:27,3,0,1
BRDA:27,3,1,27
BRDA:31,4,0,1
BRDA:31,4,1,26
BRDA:39,5,0,17
BRDA:39,5,1,9
BRDA:40,6,0,7
BRDA:40,6,1,10
BRDA:44,7,0,4
BRDA:44,7,1,5
BRDA:49,8,0,11
BRDA:49,8,1,15
BRDA:50,9,0,6
BRDA:50,9,1,5
BRF:20
BRH:20
end_of_record
TN:
SF:src/parallel.js
FN:5,(anonymous_0)
FN:7,(anonymous_1)
FN:18,trigger
FN:44,releaseSlot
FN:60,(anonymous_4)
FN:80,(anonymous_5)
FN:91,(anonymous_6)
FN:105,(anonymous_7)
FN:109,(anonymous_8)
FNF:9
FNH:7
FNDA:1,(anonymous_0)
FNDA:3,(anonymous_1)
FNDA:38,trigger
FNDA:18,releaseSlot
FNDA:21,(anonymous_4)
FNDA:3,(anonymous_5)
FNDA:8,(anonymous_6)
FNDA:0,(anonymous_7)
FNDA:0,(anonymous_8)
DA:1,2
DA:3,2
DA:5,2
DA:7,2
DA:8,3
DA:9,0
DA:12,3
DA:14,3
DA:16,3
DA:19,38
DA:20,35
DA:22,35
DA:23,85
DA:25,85
DA:26,20
DA:28,20
DA:30,20
DA:32,20
DA:34,20
DA:35,0
DA:37,0
DA:39,0
DA:42,20
DA:45,18
DA:46,17
DA:49,18
DA:54,20
DA:60,3
DA:61,21
DA:62,1
DA:65,20
DA:66,0
DA:67,0
DA:70,20
DA:71,0
DA:75,20
DA:77,20
DA:80,3
DA:81,3
DA:82,3
DA:83,0
DA:86,3
DA:87,0
DA:91,3
DA:92,8
DA:94,8
DA:96,8
DA:99,3
DA:105,3
DA:109,3
DA:111,3
LF:51
LH:42
BRDA:8,0,0,0
BRDA:8,0,1,3
BRDA:19,1,0,35
BRDA:19,1,1,3
BRDA:25,2,0,20
BRDA:25,2,1,65
BRDA:34,3,0,0
BRDA:34,3,1,20
BRDA:45,4,0,17
BRDA:45,4,1,1
BRDA:61,5,0,1
BRDA:61,5,1,20
BRDA:65,6,0,0
BRDA:65,6,1,20
BRDA:66,7,0,0
BRDA:66,7,1,0
BRDA:70,8,0,0
BRDA:70,8,1,20
BRDA:81,9,0,3
BRDA:81,9,1,0
BRDA:82,10,0,0
BRDA:82,10,1,3
BRDA:86,11,0,0
BRDA:86,11,1,3
BRDA:94,12,0,8
BRDA:94,12,1,6
BRF:26
BRH:17
end_of_record
TN:
SF:src/pregQuote.js
FN:18,pregQuote
FNF:1
FNH:1
FNDA:1038,pregQuote
DA:16,6
DA:19,1038
DA:20,1
DA:23,1037
DA:26,6
LF:5
LH:5
BRDA:19,0,0,1
BRDA:19,0,1,1037
BRF:2
BRH:2
end_of_record
TN:
SF:src/prepareToStamp.js
FN:7,(anonymous_0)
FN:29,(anonymous_1)
FNF:2
FNH:1
FNDA:1,(anonymous_0)
FNDA:0,(anonymous_1)
DA:1,2
DA:3,2
DA:5,2
DA:7,2
DA:8,1
DA:9,0
DA:12,1
DA:13,0
DA:16,1
DA:17,0
DA:20,1
DA:21,0
DA:24,1
DA:25,1
DA:27,1
DA:29,1
DA:30,0
DA:32,0
DA:33,0
DA:36,0
DA:40,0
DA:43,2
LF:22
LH:13
BRDA:8,0,0,0
BRDA:8,0,1,1
BRDA:12,1,0,0
BRDA:12,1,1,1
BRDA:16,2,0,0
BRDA:16,2,1,1
BRDA:20,3,0,0
BRDA:20,3,1,1
BRDA:24,4,0,1
BRDA:24,4,1,0
BRDA:32,5,0,0
BRDA:32,5,1,0
BRF:12
BRH:5
end_of_record
TN:
SF:src/promiseall.js
FN:5,th
FN:9,(anonymous_1)
FN:33,(anonymous_2)
FN:34,(anonymous_3)
FN:47,(anonymous_4)
FN:48,(anonymous_5)
FN:48,(anonymous_6)
FN:57,(anonymous_7)
FN:61,(anonymous_8)
FN:61,(anonymous_9)
FN:76,(anonymous_10)
FNF:11
FNH:11
FNDA:4,th
FNDA:20,(anonymous_1)
FNDA:31,(anonymous_2)
FNDA:16,(anonymous_3)
FNDA:15,(anonymous_4)
FNDA:45,(anonymous_5)
FNDA:30,(anonymous_6)
FNDA:25,(anonymous_7)
FNDA:45,(anonymous_8)
FNDA:15,(anonymous_9)
FNDA:45,(anonymous_10)
DA:6,4
DA:9,2
DA:10,20
DA:11,2
DA:14,18
DA:16,18
DA:17,1
DA:20,17
DA:22,17
DA:23,49
DA:24,6
DA:27,49
DA:29,49
DA:30,2
DA:32,47
DA:39,17
DA:40,2
DA:43,15
DA:45,15
DA:47,15
DA:48,45
DA:49,30
DA:51,30
DA:56,30
DA:57,25
DA:61,45
DA:62,15
DA:64,15
DA:66,15
DA:71,15
DA:72,4
DA:76,45
DA:80,2
LF:33
LH:33
BRDA:10,0,0,2
BRDA:10,0,1,18
BRDA:16,1,0,1
BRDA:16,1,1,17
BRDA:23,2,0,6
BRDA:23,2,1,43
BRDA:23,3,0,49
BRDA:23,3,1,8
BRDA:29,4,0,2
BRDA:29,4,1,47
BRDA:29,5,0,49
BRDA:29,5,1,49
BRDA:39,6,0,2
BRDA:39,6,1,15
BRDA:56,7,0,11
BRDA:56,7,1,19
BRDA:57,8,0,8
BRDA:57,8,1,3
BRDA:71,9,0,4
BRDA:71,9,1,11
BRF:20
BRH:20
end_of_record
TN:
SF:src/promiseany.js
FN:1,th
FN:5,promiseany
FN:27,(anonymous_2)
FN:28,(anonymous_3)
FN:37,(anonymous_4)
FN:43,(anonymous_5)
FN:44,(anonymous_6)
FNF:7
FNH:7
FNDA:5,th
FNDA:20,promiseany
FNDA:28,(anonymous_2)
FNDA:16,(anonymous_3)
FNDA:15,(anonymous_4)
FNDA:45,(anonymous_5)
FNDA:15,(anonymous_6)
DA:2,5
DA:6,20
DA:7,2
DA:10,18
DA:11,1
DA:14,17
DA:16,17
DA:17,49
DA:18,6
DA:21,49
DA:23,49
DA:24,2
DA:26,47
DA:33,17
DA:34,2
DA:37,15
DA:38,15
DA:40,15
DA:42,15
DA:43,45
DA:44,45
DA:45,15
DA:47,15
DA:49,15
DA:50,4
DA:58,2
LF:26
LH:26
BRDA:6,0,0,2
BRDA:6,0,1,18
BRDA:10,1,0,1
BRDA:10,1,1,17
BRDA:17,2,0,6
BRDA:17,2,1,43
BRDA:17,3,0,49
BRDA:17,3,1,8
BRDA:23,4,0,2
BRDA:23,4,1,47
BRDA:23,5,0,49
BRDA:23,5,1,49
BRDA:33,6,0,2
BRDA:33,6,1,15
BRDA:49,7,0,4
BRDA:49,7,1,11
BRF:16
BRH:16
end_of_record
TN:
SF:src/serializeError.js
FN:16,(anonymous_0)
FN:57,(anonymous_1)
FN:71,(anonymous_2)
FNF:3
FNH:3
FNDA:6,(anonymous_0)
FNDA:5,(anonymous_1)
FNDA:5,(anonymous_2)
DA:9,3
DA:16,3
DA:17,6
DA:19,6
DA:21,6
DA:22,6
DA:23,0
DA:26,6
DA:27,1
DA:28,1
DA:31,5
DA:32,4
DA:37,4
DA:40,1
DA:43,6
DA:44,24
DA:45,3
DA:54,6
DA:57,3
DA:58,5
DA:59,2
DA:63,3
DA:65,1
DA:68,2
DA:71,3
DA:72,5
DA:74,5
DA:75,3
DA:76,1
DA:80,5
LF:30
LH:29
BRDA:17,0,0,6
BRDA:17,0,1,6
BRDA:17,1,0,1
BRDA:17,1,1,5
BRDA:22,2,0,0
BRDA:22,2,1,6
BRDA:26,3,0,1
BRDA:26,3,1,5
BRDA:26,4,0,6
BRDA:26,4,1,5
BRDA:31,5,0,4
BRDA:31,5,1,1
BRDA:44,6,0,3
BRDA:44,6,1,21
BRDA:47,7,0,3
BRDA:47,7,1,0
BRDA:58,8,0,2
BRDA:58,8,1,3
BRDA:58,9,0,5
BRDA:58,9,1,2
BRDA:63,10,0,1
BRDA:63,10,1,2
BRDA:65,11,0,1
BRDA:65,11,1,1
BRDA:74,12,0,3
BRDA:74,12,1,2
BRDA:75,13,0,1
BRDA:75,13,1,2
BRF:28
BRH:26
end_of_record
TN:
SF:src/set.js
FN:10,set
FN:20,(anonymous_1)
FNF:2
FNH:2
FNDA:47,set
FNDA:8,(anonymous_1)
DA:3,2
DA:5,2
DA:11,47
DA:12,31
DA:15,47
DA:16,6
DA:19,47
DA:20,8
DA:23,47
DA:24,5
DA:27,47
DA:28,6
DA:31,47
DA:32,41
DA:34,41
DA:36,41
DA:37,1
DA:42,41
DA:44,41
DA:48,41
DA:49,111
DA:51,111
DA:52,41
DA:54,41
DA:55,1
DA:62,110
DA:64,110
DA:65,70
DA:67,70
DA:69,70
DA:70,27
DA:72,43
DA:73,20
DA:75,20
DA:76,2
DA:78,2
DA:80,18
DA:83,23
DA:85,23
DA:86,5
DA:88,5
DA:90,18
DA:95,40
DA:96,30
DA:97,26
DA:99,4
DA:102,10
DA:105,40
DA:110,6
DA:113,2
LF:50
LH:50
BRDA:11,0,0,31
BRDA:11,0,1,16
BRDA:15,1,0,6
BRDA:15,1,1,41
BRDA:19,2,0,4
BRDA:19,2,1,43
BRDA:23,3,0,5
BRDA:23,3,1,42
BRDA:23,4,0,47
BRDA:23,4,1,41
BRDA:23,4,2,5
BRDA:23,4,3,5
BRDA:27,5,0,6
BRDA:27,5,1,41
BRDA:31,6,0,41
BRDA:31,6,1,6
BRDA:36,7,0,1
BRDA:36,7,1,40
BRDA:36,8,0,41
BRDA:36,8,1,36
BRDA:51,9,0,41
BRDA:51,9,1,70
BRDA:54,10,0,1
BRDA:54,10,1,40
BRDA:54,11,0,41
BRDA:54,11,1,5
BRDA:54,11,2,2
BRDA:64,12,0,70
BRDA:64,12,1,40
BRDA:69,13,0,27
BRDA:69,13,1,43
BRDA:69,14,0,70
BRDA:69,14,1,57
BRDA:72,15,0,20
BRDA:72,15,1,23
BRDA:75,16,0,2
BRDA:75,16,1,18
BRDA:85,17,0,5
BRDA:85,17,1,18
BRDA:95,18,0,30
BRDA:95,18,1,10
BRDA:96,19,0,26
BRDA:96,19,1,4
BRF:43
BRH:43
end_of_record
TN:
SF:src/sha256.js
FN:10,(anonymous_0)
FN:22,(anonymous_1)
FNF:2
FNH:1
FNDA:4,(anonymous_0)
FNDA:0,(anonymous_1)
DA:1,3
DA:3,3
DA:7,3
DA:8,3
DA:10,3
DA:11,4
DA:12,0
DA:15,4
DA:17,4
DA:19,4
DA:22,0
DA:23,0
DA:24,0
DA:27,0
DA:31,3
LF:15
LH:10
BRDA:7,0,0,3
BRDA:7,0,1,0
BRDA:11,1,0,0
BRDA:11,1,1,4
BRDA:23,2,0,0
BRDA:23,2,1,0
BRF:6
BRH:2
end_of_record
TN:
SF:src/stringToRegex.js
FN:1,(anonymous_0)
FN:2,th
FN:6,(anonymous_2)
FNF:3
FNH:3
FNDA:2,(anonymous_0)
FNDA:1,th
FNDA:10,(anonymous_2)
DA:1,2
DA:3,1
DA:6,2
DA:7,10
DA:8,10
DA:10,10
DA:11,1
DA:14,9
DA:16,1
DA:21,2
LF:10
LH:10
BRDA:10,0,0,1
BRDA:10,0,1,9
BRF:2
BRH:2
end_of_record
TN:
SF:src/throttlePromises.js
FN:7,(anonymous_0)
FN:19,(anonymous_1)
FN:63,cleanAndReturnNextCleanTimeoutTime
FN:105,triggerScheduled
FN:121,sendScheduled
FN:126,(anonymous_5)
FN:178,(anonymous_6)
FN:258,(anonymous_7)
FN:287,(anonymous_8)
FN:289,(anonymous_9)
FN:295,(anonymous_10)
FN:305,(anonymous_11)
FN:317,(anonymous_12)
FNF:13
FNH:8
FNDA:3,(anonymous_0)
FNDA:1,(anonymous_1)
FNDA:1,cleanAndReturnNextCleanTimeoutTime
FNDA:1,triggerScheduled
FNDA:0,sendScheduled
FNDA:0,(anonymous_5)
FNDA:1,(anonymous_6)
FNDA:0,(anonymous_7)
FNDA:1,(anonymous_8)
FNDA:1,(anonymous_9)
FNDA:1,(anonymous_10)
FNDA:0,(anonymous_11)
FNDA:0,(anonymous_12)
DA:1,2
DA:3,2
DA:7,2
DA:8,3
DA:9,0
DA:12,3
DA:19,2
DA:20,1
DA:27,1
DA:28,0
DA:31,1
DA:32,0
DA:35,1
DA:36,0
DA:40,1
DA:44,1
DA:51,1
DA:59,1
DA:64,1
DA:65,0
DA:68,1
DA:70,1
DA:72,1
DA:76,1
DA:77,0
DA:79,0
DA:80,0
DA:82,0
DA:84,0
DA:86,0
DA:87,0
DA:92,1
DA:94,1
DA:95,0
DA:97,0
DA:98,0
DA:102,1
DA:106,1
DA:108,1
DA:109,0
DA:111,0
DA:112,0
DA:114,0
DA:118,1
DA:122,0
DA:123,0
DA:126,0
DA:127,0
DA:129,0
DA:131,0
DA:133,0
DA:135,0
DA:137,0
DA:138,0
DA:139,0
DA:141,0
DA:142,0
DA:146,0
DA:147,0
DA:149,0
DA:151,0
DA:154,0
DA:156,0
DA:158,0
DA:166,0
DA:168,0
DA:178,1
DA:179,1
DA:180,0
DA:186,1
DA:187,0
DA:192,1
DA:193,0
DA:199,1
DA:200,0
DA:206,1
DA:207,0
DA:209,0
DA:212,1
DA:214,1
DA:216,1
DA:218,1
DA:219,0
DA:221,0
DA:229,0
DA:234,1
DA:235,1
DA:237,1
DA:239,1
DA:244,1
DA:246,1
DA:248,1
DA:258,0
DA:259,0
DA:260,0
DA:263,0
DA:271,0
DA:273,0
DA:275,0
DA:284,1
DA:287,1
DA:289,1
DA:290,1
DA:292,1
DA:296,1
DA:300,1
DA:305,1
DA:306,0
DA:308,0
DA:317,1
DA:318,0
DA:320,0
DA:322,0
DA:331,1
DA:334,2
DA:336,2
LF:116
LH:54
BRDA:8,0,0,0
BRDA:8,0,1,3
BRDA:27,1,0,0
BRDA:27,1,1,1
BRDA:27,2,0,1
BRDA:27,2,1,0
BRDA:31,3,0,0
BRDA:31,3,1,1
BRDA:31,4,0,1
BRDA:31,4,1,1
BRDA:35,5,0,0
BRDA:35,5,1,1
BRDA:35,6,0,1
BRDA:35,6,1,1
BRDA:64,7,0,0
BRDA:64,7,1,1
BRDA:79,8,0,0
BRDA:79,8,1,0
BRDA:86,9,0,0
BRDA:86,9,1,0
BRDA:97,10,0,0
BRDA:97,10,1,0
BRDA:111,11,0,0
BRDA:111,11,1,0
BRDA:122,12,0,0
BRDA:122,12,1,0
BRDA:122,13,0,0
BRDA:122,13,1,0
BRDA:137,14,0,0
BRDA:137,14,1,0
BRDA:141,15,0,0
BRDA:141,15,1,0
BRDA:168,16,0,0
BRDA:168,16,1,0
BRDA:178,17,0,0
BRDA:179,18,0,0
BRDA:179,18,1,1
BRDA:179,19,0,1
BRDA:179,19,1,1
BRDA:186,20,0,0
BRDA:186,20,1,1
BRDA:192,21,0,0
BRDA:192,21,1,1
BRDA:199,22,0,0
BRDA:199,22,1,1
BRDA:206,23,0,0
BRDA:206,23,1,1
BRDA:218,24,0,0
BRDA:218,24,1,1
BRDA:221,25,0,0
BRDA:221,25,1,0
BRDA:234,26,0,1
BRDA:234,26,1,0
BRDA:248,27,0,1
BRDA:248,27,1,1
BRDA:275,28,0,0
BRDA:275,28,1,0
BRDA:308,29,0,0
BRDA:308,29,1,0
BRDA:322,30,0,0
BRDA:322,30,1,0
BRF:61
BRH:21
end_of_record
TN:
SF:src/trim.js
FN:12,trim
FNF:1
FNH:1
FNDA:335,trim
DA:3,5
DA:12,5
DA:13,335
DA:14,1
DA:17,334
DA:18,334
DA:19,334
DA:20,334
DA:21,334
DA:22,334
LF:10
LH:10
BRDA:13,0,0,1
BRDA:13,0,1,334
BRDA:17,1,0,334
BRDA:17,1,1,162
BRDA:18,2,0,334
BRDA:18,2,1,27
BRDA:19,3,0,334
BRDA:19,3,1,27
BRDA:20,4,0,334
BRDA:20,4,1,248
BRDA:21,5,0,334
BRDA:21,5,1,248
BRF:12
BRH:12
end_of_record
TN:
SF:src/unique.js
FN:1,unique
FN:6,(anonymous_1)
FNF:2
FNH:2
FNDA:200000,unique
FNDA:1200000,(anonymous_1)
DA:4,200000
DA:6,200000
DA:7,1200000
DA:8,1200000
DA:9,1200000
DA:13,2
LF:6
LH:6
BRDA:4,0,0,200000
BRDA:4,0,1,200000
BRDA:8,1,0,600000
BRDA:8,1,1,600000
BRF:4
BRH:4
end_of_record
TN:
SF:src/xor.js
FN:4,xor
FNF:1
FNH:1
FNDA:11,xor
DA:5,11
DA:6,1
DA:9,10
DA:10,1
DA:13,9
DA:14,1
DA:17,8
DA:18,8
DA:20,8
DA:21,140
DA:24,8
DA:27,2
LF:12
LH:12
BRDA:5,0,0,1
BRDA:5,0,1,10
BRDA:9,1,0,1
BRDA:9,1,1,9
BRDA:13,2,0,1
BRDA:13,2,1,8
BRF:6
BRH:6
end_of_record
TN:
SF:src/express/console-logger.js
FN:4,(anonymous_0)
FNF:1
FNH:0
FNDA:0,(anonymous_0)
DA:4,1
DA:5,0
DA:14,0
LF:3
LH:1
BRF:0
BRH:0
end_of_record
TN:
SF:src/express/extend-res.js
FN:10,(anonymous_0)
FN:14,(anonymous_1)
FN:23,(anonymous_2)
FN:29,(anonymous_3)
FN:35,(anonymous_4)
FN:86,(anonymous_5)
FNF:6
FNH:0
FNDA:0,(anonymous_0)
FNDA:0,(anonymous_1)
FNDA:0,(anonymous_2)
FNDA:0,(anonymous_3)
FNDA:0,(anonymous_4)
FNDA:0,(anonymous_5)
DA:10,1
DA:11,0
DA:12,0
DA:14,0
DA:15,0
DA:23,0
DA:24,0
DA:29,0
DA:30,0
DA:35,0
DA:36,0
DA:86,0
DA:87,0
DA:89,0
DA:91,0
DA:95,0
LF:16
LH:1
BRDA:11,0,0,0
BRDA:11,0,1,0
BRDA:86,1,0,0
BRDA:86,2,0,0
BRF:4
BRH:0
end_of_record
